

================================================================
== Vitis HLS Report for 'cordic_cr_unsigned_short_4_s'
================================================================
* Date:           Sun Nov 13 22:40:38 2022

* Version:        2022.1 (Build 3526262 on Mon Apr 18 15:48:16 MDT 2022)
* Project:        CORDIC_original
* Solution:       solution1 (Vivado IP Flow Target)
* Product family: zynq
* Target device:  xc7z020-clg400-1


================================================================
== Performance Estimates
================================================================
+ Timing: 
    * Summary: 
    +--------+---------+----------+------------+
    |  Clock |  Target | Estimated| Uncertainty|
    +--------+---------+----------+------------+
    |ap_clk  |  5.35 ns|  2.882 ns|     1.44 ns|
    +--------+---------+----------+------------+

+ Latency: 
    * Summary: 
    +---------+---------+----------+----------+-----+-----+---------+
    |  Latency (cycles) |  Latency (absolute) |  Interval | Pipeline|
    |   min   |   max   |    min   |    max   | min | max |   Type  |
    +---------+---------+----------+----------+-----+-----+---------+
    |        1|        1|  5.350 ns|  5.350 ns|    1|    1|       no|
    +---------+---------+----------+----------+-----+-----+---------+

    + Detail: 
        * Instance: 
        N/A

        * Loop: 
        N/A



================================================================
== Utilization Estimates
================================================================
* Summary: 
+-----------------+---------+-----+--------+-------+-----+
|       Name      | BRAM_18K| DSP |   FF   |  LUT  | URAM|
+-----------------+---------+-----+--------+-------+-----+
|DSP              |        -|    -|       -|      -|    -|
|Expression       |        -|    -|       0|    159|    -|
|FIFO             |        -|    -|       -|      -|    -|
|Instance         |        -|    -|       -|      -|    -|
|Memory           |        -|    -|       -|      -|    -|
|Multiplexer      |        -|    -|       -|     50|    -|
|Register         |        -|    -|      76|      -|    -|
+-----------------+---------+-----+--------+-------+-----+
|Total            |        0|    0|      76|    209|    0|
+-----------------+---------+-----+--------+-------+-----+
|Available        |      280|  220|  106400|  53200|    0|
+-----------------+---------+-----+--------+-------+-----+
|Utilization (%)  |        0|    0|      ~0|     ~0|    0|
+-----------------+---------+-----+--------+-------+-----+

+ Detail: 
    * Instance: 
    N/A

    * DSP: 
    N/A

    * Memory: 
    N/A

    * FIFO: 
    N/A

    * Expression: 
    +--------------------------+----------+----+---+----+------------+------------+
    |       Variable Name      | Operation| DSP| FF| LUT| Bitwidth P0| Bitwidth P1|
    +--------------------------+----------+----+---+----+------------+------------+
    |add_ln859_5_fu_99_p2      |         +|   0|  0|  23|          16|          16|
    |add_ln859_6_fu_131_p2     |         +|   0|  0|  23|          16|          16|
    |add_ln859_fu_87_p2        |         +|   0|  0|  23|          16|          16|
    |sub_ln859_3_fu_104_p2     |         -|   0|  0|  23|          16|          16|
    |sub_ln859_fu_82_p2        |         -|   0|  0|  23|          16|          16|
    |ap_block_state1           |        or|   0|  0|   2|           1|           1|
    |select_ln859_5_fu_109_p3  |    select|   0|  0|  16|           1|          16|
    |select_ln859_6_fu_123_p3  |    select|   0|  0|  10|           1|          10|
    |select_ln859_fu_92_p3     |    select|   0|  0|  16|           1|          16|
    +--------------------------+----------+----+---+----+------------+------------+
    |Total                     |          |   0|  0| 159|          84|         123|
    +--------------------------+----------+----+---+----+------------+------------+

    * Multiplexer: 
    +-------------+----+-----------+-----+-----------+
    |     Name    | LUT| Input Size| Bits| Total Bits|
    +-------------+----+-----------+-----+-----------+
    |ap_NS_fsm    |  14|          3|    1|          3|
    |ap_done      |   9|          2|    1|          2|
    |ap_return_0  |   9|          2|   16|         32|
    |ap_return_1  |   9|          2|   16|         32|
    |ap_return_2  |   9|          2|   16|         32|
    +-------------+----+-----------+-----+-----------+
    |Total        |  50|         11|   50|        101|
    +-------------+----+-----------+-----+-----------+

    * Register: 
    +-------------------+----+----+-----+-----------+
    |        Name       | FF | LUT| Bits| Const Bits|
    +-------------------+----+----+-----+-----------+
    |ap_CS_fsm          |   2|   0|    2|          0|
    |ap_done_reg        |   1|   0|    1|          0|
    |ap_return_0_preg   |  16|   0|   16|          0|
    |ap_return_1_preg   |  16|   0|   16|          0|
    |ap_return_2_preg   |  16|   0|   16|          0|
    |p_Repl2_s_reg_172  |   1|   0|    1|          0|
    |r_V_reg_187        |  12|   0|   12|          0|
    |tmp_reg_182        |  12|   0|   12|          0|
    +-------------------+----+----+-----+-----------+
    |Total              |  76|   0|   76|          0|
    +-------------------+----+----+-----+-----------+



================================================================
== Interface
================================================================
* Summary: 
+-------------+-----+-----+------------+------------------------------+--------------+
|  RTL Ports  | Dir | Bits|  Protocol  |         Source Object        |    C Type    |
+-------------+-----+-----+------------+------------------------------+--------------+
|ap_clk       |   in|    1|  ap_ctrl_hs|  cordic_cr<(unsigned short)4>|  return value|
|ap_rst       |   in|    1|  ap_ctrl_hs|  cordic_cr<(unsigned short)4>|  return value|
|ap_start     |   in|    1|  ap_ctrl_hs|  cordic_cr<(unsigned short)4>|  return value|
|ap_done      |  out|    1|  ap_ctrl_hs|  cordic_cr<(unsigned short)4>|  return value|
|ap_continue  |   in|    1|  ap_ctrl_hs|  cordic_cr<(unsigned short)4>|  return value|
|ap_idle      |  out|    1|  ap_ctrl_hs|  cordic_cr<(unsigned short)4>|  return value|
|ap_ready     |  out|    1|  ap_ctrl_hs|  cordic_cr<(unsigned short)4>|  return value|
|ap_return_0  |  out|   16|  ap_ctrl_hs|  cordic_cr<(unsigned short)4>|  return value|
|ap_return_1  |  out|   16|  ap_ctrl_hs|  cordic_cr<(unsigned short)4>|  return value|
|ap_return_2  |  out|   16|  ap_ctrl_hs|  cordic_cr<(unsigned short)4>|  return value|
|p_read       |   in|   16|     ap_none|                        p_read|        scalar|
|p_read1      |   in|   16|     ap_none|                       p_read1|        scalar|
|p_read2      |   in|   16|     ap_none|                       p_read2|        scalar|
+-------------+-----+-----+------------+------------------------------+--------------+

