

================================================================
== Vitis HLS Report for 'cordic_cr_unsigned_short_5_s'
================================================================
* Date:           Sun Nov 13 22:40:35 2022

* Version:        2022.1 (Build 3526262 on Mon Apr 18 15:48:16 MDT 2022)
* Project:        CORDIC_original
* Solution:       solution1 (Vivado IP Flow Target)
* Product family: zynq
* Target device:  xc7z020-clg400-1


================================================================
== Performance Estimates
================================================================
+ Timing: 
    * Summary: 
    +--------+---------+----------+------------+
    |  Clock |  Target | Estimated| Uncertainty|
    +--------+---------+----------+------------+
    |ap_clk  |  5.35 ns|  2.882 ns|     1.44 ns|
    +--------+---------+----------+------------+

+ Latency: 
    * Summary: 
    +---------+---------+----------+----------+-----+-----+---------+
    |  Latency (cycles) |  Latency (absolute) |  Interval | Pipeline|
    |   min   |   max   |    min   |    max   | min | max |   Type  |
    +---------+---------+----------+----------+-----+-----+---------+
    |        1|        1|  5.350 ns|  5.350 ns|    1|    1|       no|
    +---------+---------+----------+----------+-----+-----+---------+

    + Detail: 
        * Instance: 
        N/A

        * Loop: 
        N/A

============================================================
+ Verbose Summary: Synthesis Manager
============================================================
InlineROM: 1
ExposeGlobal: 0
============================================================
+ Verbose Summary: CDFG Model
============================================================
IsTopModel: 0
ResetActiveHigh: 1
IsCombinational: 2
IsDatapathOnly: 0
HasWiredReturn: 1
HasMFsm: 0
HasVarLatency: 1
IsPipeline: 0
IsRtlPipelined: 0
IsInstanceOverlapped: 0
IsDontTouch: 0
HasImplIP: 0
IsGatedGlobalClock: 0


============================================================
+ Verbose Summary: Schedule
============================================================
* Number of FSM states : 2
* Pipeline : 0
* Dataflow Pipeline: 0

* FSM state transitions: 
1 --> 2 
2 --> 

* FSM state operations: 

State 1 <SV = 0> <Delay = 1.95>
ST_1 : Operation 3 [1/1] (1.95ns)   --->   "%p_read_4 = read i16 @_ssdm_op_Read.ap_auto.i16, i16 %p_read2"   --->   Operation 3 'read' 'p_read_4' <Predicate = true> <Delay = 1.95> <CoreInst = "FIFO_SRL">   --->   Core 81 'FIFO_SRL' <Latency = 0> <II = 1> <Delay = 3.63> <Storage> <Opcode : 'read' 'write' 'nbread' 'nbwrite'> <Ports = 0> <Width = -1> <Depth = -1> <FIFO>
ST_1 : Operation 4 [1/1] (1.95ns)   --->   "%p_read14 = read i16 @_ssdm_op_Read.ap_auto.i16, i16 %p_read1"   --->   Operation 4 'read' 'p_read14' <Predicate = true> <Delay = 1.95> <CoreInst = "FIFO_SRL">   --->   Core 81 'FIFO_SRL' <Latency = 0> <II = 1> <Delay = 3.63> <Storage> <Opcode : 'read' 'write' 'nbread' 'nbwrite'> <Ports = 0> <Width = -1> <Depth = -1> <FIFO>
ST_1 : Operation 5 [1/1] (1.95ns)   --->   "%p_read_5 = read i16 @_ssdm_op_Read.ap_auto.i16, i16 %p_read"   --->   Operation 5 'read' 'p_read_5' <Predicate = true> <Delay = 1.95> <CoreInst = "FIFO_SRL">   --->   Core 81 'FIFO_SRL' <Latency = 0> <II = 1> <Delay = 3.63> <Storage> <Opcode : 'read' 'write' 'nbread' 'nbwrite'> <Ports = 0> <Width = -1> <Depth = -1> <FIFO>
ST_1 : Operation 6 [1/1] (0.00ns)   --->   "%p_Repl2_s = bitselect i1 @_ssdm_op_BitSelect.i1.i16.i32, i16 %p_read14, i32 15"   --->   Operation 6 'bitselect' 'p_Repl2_s' <Predicate = true> <Delay = 0.00>
ST_1 : Operation 7 [1/1] (0.00ns)   --->   "%tmp = partselect i11 @_ssdm_op_PartSelect.i11.i16.i32.i32, i16 %p_read14, i32 5, i32 15"   --->   Operation 7 'partselect' 'tmp' <Predicate = true> <Delay = 0.00>
ST_1 : Operation 8 [1/1] (0.00ns)   --->   "%r_V = partselect i11 @_ssdm_op_PartSelect.i11.i16.i32.i32, i16 %p_read_5, i32 5, i32 15"   --->   Operation 8 'partselect' 'r_V' <Predicate = true> <Delay = 0.00>

State 2 <SV = 1> <Delay = 2.88>
ST_2 : Operation 9 [1/1] (0.00ns)   --->   "%y_sft_V = bitconcatenate i16 @_ssdm_op_BitConcatenate.i16.i1.i1.i1.i1.i1.i11, i1 %p_Repl2_s, i1 %p_Repl2_s, i1 %p_Repl2_s, i1 %p_Repl2_s, i1 %p_Repl2_s, i11 %tmp"   --->   Operation 9 'bitconcatenate' 'y_sft_V' <Predicate = true> <Delay = 0.00>
ST_2 : Operation 10 [1/1] (0.00ns)   --->   "%sext_ln1534 = sext i11 %r_V"   --->   Operation 10 'sext' 'sext_ln1534' <Predicate = true> <Delay = 0.00>
ST_2 : Operation 11 [1/1] (2.07ns)   --->   "%sub_ln859 = sub i16 %p_read_5, i16 %y_sft_V"   --->   Operation 11 'sub' 'sub_ln859' <Predicate = (p_Repl2_s)> <Delay = 2.07> <CoreInst = "Adder">   --->   Core 1 'Adder' <Latency = 0> <II = 1> <Delay = 2.07> <FuncUnit> <Opcode : 'add' 'sub'> <InPorts = 2> <OutPorts = 1>
ST_2 : Operation 12 [1/1] (2.07ns)   --->   "%add_ln859 = add i16 %y_sft_V, i16 %p_read_5"   --->   Operation 12 'add' 'add_ln859' <Predicate = (!p_Repl2_s)> <Delay = 2.07> <CoreInst = "Adder">   --->   Core 1 'Adder' <Latency = 0> <II = 1> <Delay = 2.07> <FuncUnit> <Opcode : 'add' 'sub'> <InPorts = 2> <OutPorts = 1>
ST_2 : Operation 13 [1/1] (0.80ns)   --->   "%select_ln859 = select i1 %p_Repl2_s, i16 %sub_ln859, i16 %add_ln859"   --->   Operation 13 'select' 'select_ln859' <Predicate = true> <Delay = 0.80> <CoreInst = "Sel">   --->   Core 73 'Sel' <Latency = 0> <II = 1> <Delay = 0.80> <FuncUnit> <Opcode : 'select'> <InPorts = 3> <OutPorts = 1>
ST_2 : Operation 14 [1/1] (2.07ns)   --->   "%add_ln859_3 = add i16 %sext_ln1534, i16 %p_read14"   --->   Operation 14 'add' 'add_ln859_3' <Predicate = (p_Repl2_s)> <Delay = 2.07> <CoreInst = "Adder">   --->   Core 1 'Adder' <Latency = 0> <II = 1> <Delay = 2.07> <FuncUnit> <Opcode : 'add' 'sub'> <InPorts = 2> <OutPorts = 1>
ST_2 : Operation 15 [1/1] (2.07ns)   --->   "%sub_ln859_2 = sub i16 %p_read14, i16 %sext_ln1534"   --->   Operation 15 'sub' 'sub_ln859_2' <Predicate = (!p_Repl2_s)> <Delay = 2.07> <CoreInst = "Adder">   --->   Core 1 'Adder' <Latency = 0> <II = 1> <Delay = 2.07> <FuncUnit> <Opcode : 'add' 'sub'> <InPorts = 2> <OutPorts = 1>
ST_2 : Operation 16 [1/1] (0.80ns)   --->   "%select_ln859_3 = select i1 %p_Repl2_s, i16 %add_ln859_3, i16 %sub_ln859_2"   --->   Operation 16 'select' 'select_ln859_3' <Predicate = true> <Delay = 0.80> <CoreInst = "Sel">   --->   Core 73 'Sel' <Latency = 0> <II = 1> <Delay = 0.80> <FuncUnit> <Opcode : 'select'> <InPorts = 3> <OutPorts = 1>
ST_2 : Operation 17 [1/1] (0.00ns) (grouped into LUT with out node add_ln859_4)   --->   "%tmp_13 = bitselect i1 @_ssdm_op_BitSelect.i1.i16.i32, i16 %p_read14, i32 15"   --->   Operation 17 'bitselect' 'tmp_13' <Predicate = true> <Delay = 0.00>
ST_2 : Operation 18 [1/1] (0.00ns) (grouped into LUT with out node add_ln859_4)   --->   "%select_ln859_4 = select i1 %tmp_13, i16 65280, i16 256"   --->   Operation 18 'select' 'select_ln859_4' <Predicate = true> <Delay = 0.00> <CoreInst = "Sel">   --->   Core 73 'Sel' <Latency = 0> <II = 1> <Delay = 0.68> <FuncUnit> <Opcode : 'select'> <InPorts = 3> <OutPorts = 1>
ST_2 : Operation 19 [1/1] (2.07ns) (out node of the LUT)   --->   "%add_ln859_4 = add i16 %select_ln859_4, i16 %p_read_4"   --->   Operation 19 'add' 'add_ln859_4' <Predicate = true> <Delay = 2.07> <CoreInst = "Adder">   --->   Core 1 'Adder' <Latency = 0> <II = 1> <Delay = 2.07> <FuncUnit> <Opcode : 'add' 'sub'> <InPorts = 2> <OutPorts = 1>
ST_2 : Operation 20 [1/1] (0.00ns)   --->   "%mrv = insertvalue i48 <undef>, i16 %select_ln859" [cordiccart2pol.cpp:149]   --->   Operation 20 'insertvalue' 'mrv' <Predicate = true> <Delay = 0.00>
ST_2 : Operation 21 [1/1] (0.00ns)   --->   "%mrv_1 = insertvalue i48 %mrv, i16 %select_ln859_3" [cordiccart2pol.cpp:149]   --->   Operation 21 'insertvalue' 'mrv_1' <Predicate = true> <Delay = 0.00>
ST_2 : Operation 22 [1/1] (0.00ns)   --->   "%mrv_2 = insertvalue i48 %mrv_1, i16 %add_ln859_4" [cordiccart2pol.cpp:149]   --->   Operation 22 'insertvalue' 'mrv_2' <Predicate = true> <Delay = 0.00>
ST_2 : Operation 23 [1/1] (0.00ns)   --->   "%ret_ln149 = ret i48 %mrv_2" [cordiccart2pol.cpp:149]   --->   Operation 23 'ret' 'ret_ln149' <Predicate = true> <Delay = 0.00>


============================================================
+ Verbose Summary: Binding
============================================================
STG Binding: 
---------------- STG Properties BEGIN ----------------
- Is combinational: 0
- Is one-state seq: 0
- Is datapath-only: 0
- Is pipelined: 0
- Is top level: 0
Port [ Return ] is wired: 1; IO mode=ap_ctrl_hs:ce=0
Port [ p_read]:  wired=1; compound=0; hidden=0; nouse=0; global=0; static=0; extern=0; dir=0; type=0; pingpong=0; private_global=0; IO mode=ap_none:ce=0
Port [ p_read1]:  wired=1; compound=0; hidden=0; nouse=0; global=0; static=0; extern=0; dir=0; type=0; pingpong=0; private_global=0; IO mode=ap_none:ce=0
Port [ p_read2]:  wired=1; compound=0; hidden=0; nouse=0; global=0; static=0; extern=0; dir=0; type=0; pingpong=0; private_global=0; IO mode=ap_none:ce=0
---------------- STG Properties END ------------------

---------------- Datapath Model BEGIN ----------------

<LifeTime>
<method=bitvector/>
p_read_4       (read          ) [ 001]
p_read14       (read          ) [ 001]
p_read_5       (read          ) [ 001]
p_Repl2_s      (bitselect     ) [ 001]
tmp            (partselect    ) [ 001]
r_V            (partselect    ) [ 001]
y_sft_V        (bitconcatenate) [ 000]
sext_ln1534    (sext          ) [ 000]
sub_ln859      (sub           ) [ 000]
add_ln859      (add           ) [ 000]
select_ln859   (select        ) [ 000]
add_ln859_3    (add           ) [ 000]
sub_ln859_2    (sub           ) [ 000]
select_ln859_3 (select        ) [ 000]
tmp_13         (bitselect     ) [ 000]
select_ln859_4 (select        ) [ 000]
add_ln859_4    (add           ) [ 000]
mrv            (insertvalue   ) [ 000]
mrv_1          (insertvalue   ) [ 000]
mrv_2          (insertvalue   ) [ 000]
ret_ln149      (ret           ) [ 000]
</LifeTime>

<model>

<comp_list>
<comp id="0" class="1000" name="p_read">
<pin_list>
<pin id="1" dir="1" index="0" bw="1" slack="0"/>
</pin_list>
<bind>
<StgValue><ssdm name="p_read"/></StgValue>
</bind>
</comp>

<comp id="2" class="1000" name="p_read1">
<pin_list>
<pin id="3" dir="1" index="0" bw="1" slack="0"/>
</pin_list>
<bind>
<StgValue><ssdm name="p_read1"/></StgValue>
</bind>
</comp>

<comp id="4" class="1000" name="p_read2">
<pin_list>
<pin id="5" dir="1" index="0" bw="1" slack="0"/>
</pin_list>
<bind>
<StgValue><ssdm name="p_read2"/></StgValue>
</bind>
</comp>

<comp id="6" class="1001" name="const_6">
<pin_list>
<pin id="7" dir="1" index="0" bw="1" slack="0"/>
</pin_list>
<bind>
<StgValue><ssdm name="_ssdm_op_Read.ap_auto.i16"/></StgValue>
</bind>
</comp>

<comp id="8" class="1001" name="const_8">
<pin_list>
<pin id="9" dir="1" index="0" bw="1" slack="0"/>
</pin_list>
<bind>
<StgValue><ssdm name="_ssdm_op_BitSelect.i1.i16.i32"/></StgValue>
</bind>
</comp>

<comp id="10" class="1001" name="const_10">
<pin_list>
<pin id="11" dir="1" index="0" bw="1" slack="0"/>
</pin_list>
<bind>
<StgValue><ssdm name=""/></StgValue>
</bind>
</comp>

<comp id="12" class="1001" name="const_12">
<pin_list>
<pin id="13" dir="1" index="0" bw="1" slack="0"/>
</pin_list>
<bind>
<StgValue><ssdm name="_ssdm_op_PartSelect.i11.i16.i32.i32"/></StgValue>
</bind>
</comp>

<comp id="14" class="1001" name="const_14">
<pin_list>
<pin id="15" dir="1" index="0" bw="1" slack="0"/>
</pin_list>
<bind>
<StgValue><ssdm name=""/></StgValue>
</bind>
</comp>

<comp id="16" class="1001" name="const_16">
<pin_list>
<pin id="17" dir="1" index="0" bw="1" slack="0"/>
</pin_list>
<bind>
<StgValue><ssdm name="_ssdm_op_BitConcatenate.i16.i1.i1.i1.i1.i1.i11"/></StgValue>
</bind>
</comp>

<comp id="18" class="1001" name="const_18">
<pin_list>
<pin id="19" dir="1" index="0" bw="1" slack="0"/>
</pin_list>
<bind>
<StgValue><ssdm name=""/></StgValue>
</bind>
</comp>

<comp id="20" class="1001" name="const_20">
<pin_list>
<pin id="21" dir="1" index="0" bw="1" slack="0"/>
</pin_list>
<bind>
<StgValue><ssdm name=""/></StgValue>
</bind>
</comp>

<comp id="22" class="1001" name="const_22">
<pin_list>
<pin id="23" dir="1" index="0" bw="1" slack="0"/>
</pin_list>
<bind>
<StgValue><ssdm name=""/></StgValue>
</bind>
</comp>

<comp id="24" class="1004" name="p_read_4_read_fu_24">
<pin_list>
<pin id="25" dir="0" index="0" bw="16" slack="0"/>
<pin id="26" dir="0" index="1" bw="16" slack="0"/>
<pin id="27" dir="1" index="2" bw="16" slack="1"/>
</pin_list>
<bind>
<opcode="read(1150) " fcode="read"/>
<opset="p_read_4/1 "/>
</bind>
</comp>

<comp id="30" class="1004" name="p_read14_read_fu_30">
<pin_list>
<pin id="31" dir="0" index="0" bw="16" slack="0"/>
<pin id="32" dir="0" index="1" bw="16" slack="0"/>
<pin id="33" dir="1" index="2" bw="16" slack="0"/>
</pin_list>
<bind>
<opcode="read(1150) " fcode="read"/>
<opset="p_read14/1 "/>
</bind>
</comp>

<comp id="36" class="1004" name="p_read_5_read_fu_36">
<pin_list>
<pin id="37" dir="0" index="0" bw="16" slack="0"/>
<pin id="38" dir="0" index="1" bw="16" slack="0"/>
<pin id="39" dir="1" index="2" bw="16" slack="0"/>
</pin_list>
<bind>
<opcode="read(1150) " fcode="read"/>
<opset="p_read_5/1 "/>
</bind>
</comp>

<comp id="42" class="1004" name="p_Repl2_s_fu_42">
<pin_list>
<pin id="43" dir="0" index="0" bw="1" slack="0"/>
<pin id="44" dir="0" index="1" bw="16" slack="0"/>
<pin id="45" dir="0" index="2" bw="5" slack="0"/>
<pin id="46" dir="1" index="3" bw="1" slack="1"/>
</pin_list>
<bind>
<opcode="bitselect(1000) " fcode="bitselect"/>
<opset="p_Repl2_s/1 "/>
</bind>
</comp>

<comp id="50" class="1004" name="tmp_fu_50">
<pin_list>
<pin id="51" dir="0" index="0" bw="11" slack="0"/>
<pin id="52" dir="0" index="1" bw="16" slack="0"/>
<pin id="53" dir="0" index="2" bw="4" slack="0"/>
<pin id="54" dir="0" index="3" bw="5" slack="0"/>
<pin id="55" dir="1" index="4" bw="11" slack="1"/>
</pin_list>
<bind>
<opcode="partselect(1002) " fcode="partselect"/>
<opset="tmp/1 "/>
</bind>
</comp>

<comp id="60" class="1004" name="r_V_fu_60">
<pin_list>
<pin id="61" dir="0" index="0" bw="11" slack="0"/>
<pin id="62" dir="0" index="1" bw="16" slack="0"/>
<pin id="63" dir="0" index="2" bw="4" slack="0"/>
<pin id="64" dir="0" index="3" bw="5" slack="0"/>
<pin id="65" dir="1" index="4" bw="11" slack="1"/>
</pin_list>
<bind>
<opcode="partselect(1002) " fcode="partselect"/>
<opset="r_V/1 "/>
</bind>
</comp>

<comp id="70" class="1004" name="y_sft_V_fu_70">
<pin_list>
<pin id="71" dir="0" index="0" bw="16" slack="0"/>
<pin id="72" dir="0" index="1" bw="1" slack="1"/>
<pin id="73" dir="0" index="2" bw="1" slack="1"/>
<pin id="74" dir="0" index="3" bw="1" slack="1"/>
<pin id="75" dir="0" index="4" bw="1" slack="1"/>
<pin id="76" dir="0" index="5" bw="1" slack="1"/>
<pin id="77" dir="0" index="6" bw="11" slack="1"/>
<pin id="78" dir="1" index="7" bw="16" slack="0"/>
</pin_list>
<bind>
<opcode="bitconcatenate(1004) " fcode="bitconcatenate"/>
<opset="y_sft_V/2 "/>
</bind>
</comp>

<comp id="80" class="1004" name="sext_ln1534_fu_80">
<pin_list>
<pin id="81" dir="0" index="0" bw="11" slack="1"/>
<pin id="82" dir="1" index="1" bw="16" slack="0"/>
</pin_list>
<bind>
<opcode="sext(35) " fcode="sext"/>
<opset="sext_ln1534/2 "/>
</bind>
</comp>

<comp id="83" class="1004" name="sub_ln859_fu_83">
<pin_list>
<pin id="84" dir="0" index="0" bw="16" slack="1"/>
<pin id="85" dir="0" index="1" bw="16" slack="0"/>
<pin id="86" dir="1" index="2" bw="16" slack="0"/>
</pin_list>
<bind>
<opcode="sub(10) " fcode="sub"/>
<opset="sub_ln859/2 "/>
</bind>
</comp>

<comp id="88" class="1004" name="add_ln859_fu_88">
<pin_list>
<pin id="89" dir="0" index="0" bw="16" slack="0"/>
<pin id="90" dir="0" index="1" bw="16" slack="1"/>
<pin id="91" dir="1" index="2" bw="16" slack="0"/>
</pin_list>
<bind>
<opcode="add(8) " fcode="add"/>
<opset="add_ln859/2 "/>
</bind>
</comp>

<comp id="93" class="1004" name="select_ln859_fu_93">
<pin_list>
<pin id="94" dir="0" index="0" bw="1" slack="1"/>
<pin id="95" dir="0" index="1" bw="16" slack="0"/>
<pin id="96" dir="0" index="2" bw="16" slack="0"/>
<pin id="97" dir="1" index="3" bw="16" slack="0"/>
</pin_list>
<bind>
<opcode="select(49) " fcode="select"/>
<opset="select_ln859/2 "/>
</bind>
</comp>

<comp id="100" class="1004" name="add_ln859_3_fu_100">
<pin_list>
<pin id="101" dir="0" index="0" bw="11" slack="0"/>
<pin id="102" dir="0" index="1" bw="16" slack="1"/>
<pin id="103" dir="1" index="2" bw="16" slack="0"/>
</pin_list>
<bind>
<opcode="add(8) " fcode="add"/>
<opset="add_ln859_3/2 "/>
</bind>
</comp>

<comp id="105" class="1004" name="sub_ln859_2_fu_105">
<pin_list>
<pin id="106" dir="0" index="0" bw="16" slack="1"/>
<pin id="107" dir="0" index="1" bw="11" slack="0"/>
<pin id="108" dir="1" index="2" bw="16" slack="0"/>
</pin_list>
<bind>
<opcode="sub(10) " fcode="sub"/>
<opset="sub_ln859_2/2 "/>
</bind>
</comp>

<comp id="110" class="1004" name="select_ln859_3_fu_110">
<pin_list>
<pin id="111" dir="0" index="0" bw="1" slack="1"/>
<pin id="112" dir="0" index="1" bw="16" slack="0"/>
<pin id="113" dir="0" index="2" bw="16" slack="0"/>
<pin id="114" dir="1" index="3" bw="16" slack="0"/>
</pin_list>
<bind>
<opcode="select(49) " fcode="select"/>
<opset="select_ln859_3/2 "/>
</bind>
</comp>

<comp id="117" class="1004" name="tmp_13_fu_117">
<pin_list>
<pin id="118" dir="0" index="0" bw="1" slack="0"/>
<pin id="119" dir="0" index="1" bw="16" slack="1"/>
<pin id="120" dir="0" index="2" bw="5" slack="0"/>
<pin id="121" dir="1" index="3" bw="1" slack="0"/>
</pin_list>
<bind>
<opcode="bitselect(1000) " fcode="bitselect"/>
<opset="tmp_13/2 "/>
</bind>
</comp>

<comp id="124" class="1004" name="select_ln859_4_fu_124">
<pin_list>
<pin id="125" dir="0" index="0" bw="1" slack="0"/>
<pin id="126" dir="0" index="1" bw="9" slack="0"/>
<pin id="127" dir="0" index="2" bw="10" slack="0"/>
<pin id="128" dir="1" index="3" bw="16" slack="0"/>
</pin_list>
<bind>
<opcode="select(49) " fcode="select"/>
<opset="select_ln859_4/2 "/>
</bind>
</comp>

<comp id="132" class="1004" name="add_ln859_4_fu_132">
<pin_list>
<pin id="133" dir="0" index="0" bw="10" slack="0"/>
<pin id="134" dir="0" index="1" bw="16" slack="1"/>
<pin id="135" dir="1" index="2" bw="16" slack="0"/>
</pin_list>
<bind>
<opcode="add(8) " fcode="add"/>
<opset="add_ln859_4/2 "/>
</bind>
</comp>

<comp id="137" class="1004" name="mrv_fu_137">
<pin_list>
<pin id="138" dir="0" index="0" bw="48" slack="0"/>
<pin id="139" dir="0" index="1" bw="16" slack="0"/>
<pin id="140" dir="1" index="2" bw="48" slack="0"/>
</pin_list>
<bind>
<opcode="insertvalue(57) " fcode="insertvalue"/>
<opset="mrv/2 "/>
</bind>
</comp>

<comp id="143" class="1004" name="mrv_1_fu_143">
<pin_list>
<pin id="144" dir="0" index="0" bw="48" slack="0"/>
<pin id="145" dir="0" index="1" bw="16" slack="0"/>
<pin id="146" dir="1" index="2" bw="48" slack="0"/>
</pin_list>
<bind>
<opcode="insertvalue(57) " fcode="insertvalue"/>
<opset="mrv_1/2 "/>
</bind>
</comp>

<comp id="149" class="1004" name="mrv_2_fu_149">
<pin_list>
<pin id="150" dir="0" index="0" bw="48" slack="0"/>
<pin id="151" dir="0" index="1" bw="16" slack="0"/>
<pin id="152" dir="1" index="2" bw="48" slack="2147483647"/>
</pin_list>
<bind>
<opcode="insertvalue(57) " fcode="insertvalue"/>
<opset="mrv_2/2 "/>
</bind>
</comp>

<comp id="155" class="1005" name="p_read_4_reg_155">
<pin_list>
<pin id="156" dir="0" index="0" bw="16" slack="1"/>
<pin id="157" dir="1" index="1" bw="16" slack="1"/>
</pin_list>
<bind>
<opset="p_read_4 "/>
</bind>
</comp>

<comp id="160" class="1005" name="p_read14_reg_160">
<pin_list>
<pin id="161" dir="0" index="0" bw="16" slack="1"/>
<pin id="162" dir="1" index="1" bw="16" slack="1"/>
</pin_list>
<bind>
<opset="p_read14 "/>
</bind>
</comp>

<comp id="167" class="1005" name="p_read_5_reg_167">
<pin_list>
<pin id="168" dir="0" index="0" bw="16" slack="1"/>
<pin id="169" dir="1" index="1" bw="16" slack="1"/>
</pin_list>
<bind>
<opset="p_read_5 "/>
</bind>
</comp>

<comp id="173" class="1005" name="p_Repl2_s_reg_173">
<pin_list>
<pin id="174" dir="0" index="0" bw="1" slack="1"/>
<pin id="175" dir="1" index="1" bw="1" slack="1"/>
</pin_list>
<bind>
<opset="p_Repl2_s "/>
</bind>
</comp>

<comp id="184" class="1005" name="tmp_reg_184">
<pin_list>
<pin id="185" dir="0" index="0" bw="11" slack="1"/>
<pin id="186" dir="1" index="1" bw="11" slack="1"/>
</pin_list>
<bind>
<opset="tmp "/>
</bind>
</comp>

<comp id="189" class="1005" name="r_V_reg_189">
<pin_list>
<pin id="190" dir="0" index="0" bw="11" slack="1"/>
<pin id="191" dir="1" index="1" bw="11" slack="1"/>
</pin_list>
<bind>
<opset="r_V "/>
</bind>
</comp>

</comp_list>

<net_list>
<net id="28"><net_src comp="6" pin="0"/><net_sink comp="24" pin=0"/></net>

<net id="29"><net_src comp="4" pin="0"/><net_sink comp="24" pin=1"/></net>

<net id="34"><net_src comp="6" pin="0"/><net_sink comp="30" pin=0"/></net>

<net id="35"><net_src comp="2" pin="0"/><net_sink comp="30" pin=1"/></net>

<net id="40"><net_src comp="6" pin="0"/><net_sink comp="36" pin=0"/></net>

<net id="41"><net_src comp="0" pin="0"/><net_sink comp="36" pin=1"/></net>

<net id="47"><net_src comp="8" pin="0"/><net_sink comp="42" pin=0"/></net>

<net id="48"><net_src comp="30" pin="2"/><net_sink comp="42" pin=1"/></net>

<net id="49"><net_src comp="10" pin="0"/><net_sink comp="42" pin=2"/></net>

<net id="56"><net_src comp="12" pin="0"/><net_sink comp="50" pin=0"/></net>

<net id="57"><net_src comp="30" pin="2"/><net_sink comp="50" pin=1"/></net>

<net id="58"><net_src comp="14" pin="0"/><net_sink comp="50" pin=2"/></net>

<net id="59"><net_src comp="10" pin="0"/><net_sink comp="50" pin=3"/></net>

<net id="66"><net_src comp="12" pin="0"/><net_sink comp="60" pin=0"/></net>

<net id="67"><net_src comp="36" pin="2"/><net_sink comp="60" pin=1"/></net>

<net id="68"><net_src comp="14" pin="0"/><net_sink comp="60" pin=2"/></net>

<net id="69"><net_src comp="10" pin="0"/><net_sink comp="60" pin=3"/></net>

<net id="79"><net_src comp="16" pin="0"/><net_sink comp="70" pin=0"/></net>

<net id="87"><net_src comp="70" pin="7"/><net_sink comp="83" pin=1"/></net>

<net id="92"><net_src comp="70" pin="7"/><net_sink comp="88" pin=0"/></net>

<net id="98"><net_src comp="83" pin="2"/><net_sink comp="93" pin=1"/></net>

<net id="99"><net_src comp="88" pin="2"/><net_sink comp="93" pin=2"/></net>

<net id="104"><net_src comp="80" pin="1"/><net_sink comp="100" pin=0"/></net>

<net id="109"><net_src comp="80" pin="1"/><net_sink comp="105" pin=1"/></net>

<net id="115"><net_src comp="100" pin="2"/><net_sink comp="110" pin=1"/></net>

<net id="116"><net_src comp="105" pin="2"/><net_sink comp="110" pin=2"/></net>

<net id="122"><net_src comp="8" pin="0"/><net_sink comp="117" pin=0"/></net>

<net id="123"><net_src comp="10" pin="0"/><net_sink comp="117" pin=2"/></net>

<net id="129"><net_src comp="117" pin="3"/><net_sink comp="124" pin=0"/></net>

<net id="130"><net_src comp="18" pin="0"/><net_sink comp="124" pin=1"/></net>

<net id="131"><net_src comp="20" pin="0"/><net_sink comp="124" pin=2"/></net>

<net id="136"><net_src comp="124" pin="3"/><net_sink comp="132" pin=0"/></net>

<net id="141"><net_src comp="22" pin="0"/><net_sink comp="137" pin=0"/></net>

<net id="142"><net_src comp="93" pin="3"/><net_sink comp="137" pin=1"/></net>

<net id="147"><net_src comp="137" pin="2"/><net_sink comp="143" pin=0"/></net>

<net id="148"><net_src comp="110" pin="3"/><net_sink comp="143" pin=1"/></net>

<net id="153"><net_src comp="143" pin="2"/><net_sink comp="149" pin=0"/></net>

<net id="154"><net_src comp="132" pin="2"/><net_sink comp="149" pin=1"/></net>

<net id="158"><net_src comp="24" pin="2"/><net_sink comp="155" pin=0"/></net>

<net id="159"><net_src comp="155" pin="1"/><net_sink comp="132" pin=1"/></net>

<net id="163"><net_src comp="30" pin="2"/><net_sink comp="160" pin=0"/></net>

<net id="164"><net_src comp="160" pin="1"/><net_sink comp="100" pin=1"/></net>

<net id="165"><net_src comp="160" pin="1"/><net_sink comp="105" pin=0"/></net>

<net id="166"><net_src comp="160" pin="1"/><net_sink comp="117" pin=1"/></net>

<net id="170"><net_src comp="36" pin="2"/><net_sink comp="167" pin=0"/></net>

<net id="171"><net_src comp="167" pin="1"/><net_sink comp="83" pin=0"/></net>

<net id="172"><net_src comp="167" pin="1"/><net_sink comp="88" pin=1"/></net>

<net id="176"><net_src comp="42" pin="3"/><net_sink comp="173" pin=0"/></net>

<net id="177"><net_src comp="173" pin="1"/><net_sink comp="70" pin=1"/></net>

<net id="178"><net_src comp="173" pin="1"/><net_sink comp="70" pin=2"/></net>

<net id="179"><net_src comp="173" pin="1"/><net_sink comp="70" pin=3"/></net>

<net id="180"><net_src comp="173" pin="1"/><net_sink comp="70" pin=4"/></net>

<net id="181"><net_src comp="173" pin="1"/><net_sink comp="70" pin=5"/></net>

<net id="182"><net_src comp="173" pin="1"/><net_sink comp="93" pin=0"/></net>

<net id="183"><net_src comp="173" pin="1"/><net_sink comp="110" pin=0"/></net>

<net id="187"><net_src comp="50" pin="4"/><net_sink comp="184" pin=0"/></net>

<net id="188"><net_src comp="184" pin="1"/><net_sink comp="70" pin=6"/></net>

<net id="192"><net_src comp="60" pin="4"/><net_sink comp="189" pin=0"/></net>

<net id="193"><net_src comp="189" pin="1"/><net_sink comp="80" pin=0"/></net>

</net_list>

</model> 
---------------- Datapath Model END ------------------

* FSMD analyzer results:
  - Output states:
 - Input state : 
	Port: cordic_cr<(unsigned short)5> : p_read | {1 }
	Port: cordic_cr<(unsigned short)5> : p_read1 | {1 }
	Port: cordic_cr<(unsigned short)5> : p_read2 | {1 }
  - Chain level:
	State 1
	State 2
		sub_ln859 : 1
		add_ln859 : 1
		select_ln859 : 2
		add_ln859_3 : 1
		sub_ln859_2 : 1
		select_ln859_3 : 2
		select_ln859_4 : 1
		add_ln859_4 : 2
		mrv : 3
		mrv_1 : 4
		mrv_2 : 5
		ret_ln149 : 6


============================================================
+ Verbose Summary: Datapath Resource usage 
============================================================

* Functional unit list:
|----------|-----------------------|---------|---------|
| Operation|    Functional Unit    |    FF   |   LUT   |
|----------|-----------------------|---------|---------|
|          |    add_ln859_fu_88    |    0    |    23   |
|    add   |   add_ln859_3_fu_100  |    0    |    23   |
|          |   add_ln859_4_fu_132  |    0    |    23   |
|----------|-----------------------|---------|---------|
|    sub   |    sub_ln859_fu_83    |    0    |    23   |
|          |   sub_ln859_2_fu_105  |    0    |    23   |
|----------|-----------------------|---------|---------|
|          |   select_ln859_fu_93  |    0    |    16   |
|  select  | select_ln859_3_fu_110 |    0    |    16   |
|          | select_ln859_4_fu_124 |    0    |    10   |
|----------|-----------------------|---------|---------|
|          |  p_read_4_read_fu_24  |    0    |    0    |
|   read   |  p_read14_read_fu_30  |    0    |    0    |
|          |  p_read_5_read_fu_36  |    0    |    0    |
|----------|-----------------------|---------|---------|
| bitselect|    p_Repl2_s_fu_42    |    0    |    0    |
|          |     tmp_13_fu_117     |    0    |    0    |
|----------|-----------------------|---------|---------|
|partselect|       tmp_fu_50       |    0    |    0    |
|          |       r_V_fu_60       |    0    |    0    |
|----------|-----------------------|---------|---------|
|bitconcatenate|     y_sft_V_fu_70     |    0    |    0    |
|----------|-----------------------|---------|---------|
|   sext   |   sext_ln1534_fu_80   |    0    |    0    |
|----------|-----------------------|---------|---------|
|          |       mrv_fu_137      |    0    |    0    |
|insertvalue|      mrv_1_fu_143     |    0    |    0    |
|          |      mrv_2_fu_149     |    0    |    0    |
|----------|-----------------------|---------|---------|
|   Total  |                       |    0    |   157   |
|----------|-----------------------|---------|---------|

Memories:
N/A

* Register list:
+-----------------+--------+
|                 |   FF   |
+-----------------+--------+
|p_Repl2_s_reg_173|    1   |
| p_read14_reg_160|   16   |
| p_read_4_reg_155|   16   |
| p_read_5_reg_167|   16   |
|   r_V_reg_189   |   11   |
|   tmp_reg_184   |   11   |
+-----------------+--------+
|      Total      |   71   |
+-----------------+--------+

* Multiplexer (MUX) list: 
|--------|------|------|------|--------|
|  Comp  |  Pin | Size |  BW  | S x BW |
|--------|------|------|------|--------|
|  Total |      |      |      |    0   |
|--------|------|------|------|--------|



* Summary:
+-----------+--------+--------+
|           |   FF   |   LUT  |
+-----------+--------+--------+
|  Function |    0   |   157  |
|   Memory  |    -   |    -   |
|Multiplexer|    -   |    -   |
|  Register |   71   |    -   |
+-----------+--------+--------+
|   Total   |   71   |   157  |
+-----------+--------+--------+
