

================================================================
== Vitis HLS Report for 'cordic_cr_unsigned_short_6_s'
================================================================
* Date:           Sun Nov 13 22:40:38 2022

* Version:        2022.1 (Build 3526262 on Mon Apr 18 15:48:16 MDT 2022)
* Project:        CORDIC_original
* Solution:       solution1 (Vivado IP Flow Target)
* Product family: zynq
* Target device:  xc7z020-clg400-1


================================================================
== Performance Estimates
================================================================
+ Timing: 
    * Summary: 
    +--------+---------+----------+------------+
    |  Clock |  Target | Estimated| Uncertainty|
    +--------+---------+----------+------------+
    |ap_clk  |  5.35 ns|  2.882 ns|     1.44 ns|
    +--------+---------+----------+------------+

+ Latency: 
    * Summary: 
    +---------+---------+----------+----------+-----+-----+---------+
    |  Latency (cycles) |  Latency (absolute) |  Interval | Pipeline|
    |   min   |   max   |    min   |    max   | min | max |   Type  |
    +---------+---------+----------+----------+-----+-----+---------+
    |        1|        1|  5.350 ns|  5.350 ns|    1|    1|       no|
    +---------+---------+----------+----------+-----+-----+---------+

    + Detail: 
        * Instance: 
        N/A

        * Loop: 
        N/A



================================================================
== Utilization Estimates
================================================================
* Summary: 
+-----------------+---------+-----+--------+-------+-----+
|       Name      | BRAM_18K| DSP |   FF   |  LUT  | URAM|
+-----------------+---------+-----+--------+-------+-----+
|DSP              |        -|    -|       -|      -|    -|
|Expression       |        -|    -|       0|    158|    -|
|FIFO             |        -|    -|       -|      -|    -|
|Instance         |        -|    -|       -|      -|    -|
|Memory           |        -|    -|       -|      -|    -|
|Multiplexer      |        -|    -|       -|     50|    -|
|Register         |        -|    -|      72|      -|    -|
+-----------------+---------+-----+--------+-------+-----+
|Total            |        0|    0|      72|    208|    0|
+-----------------+---------+-----+--------+-------+-----+
|Available        |      280|  220|  106400|  53200|    0|
+-----------------+---------+-----+--------+-------+-----+
|Utilization (%)  |        0|    0|      ~0|     ~0|    0|
+-----------------+---------+-----+--------+-------+-----+

+ Detail: 
    * Instance: 
    N/A

    * DSP: 
    N/A

    * Memory: 
    N/A

    * FIFO: 
    N/A

    * Expression: 
    +--------------------------+----------+----+---+----+------------+------------+
    |       Variable Name      | Operation| DSP| FF| LUT| Bitwidth P0| Bitwidth P1|
    +--------------------------+----------+----+---+----+------------+------------+
    |add_ln859_1_fu_101_p2     |         +|   0|  0|  23|          16|          16|
    |add_ln859_2_fu_133_p2     |         +|   0|  0|  23|          16|          16|
    |add_ln859_fu_89_p2        |         +|   0|  0|  23|          16|          16|
    |sub_ln859_1_fu_106_p2     |         -|   0|  0|  23|          16|          16|
    |sub_ln859_fu_84_p2        |         -|   0|  0|  23|          16|          16|
    |ap_block_state1           |        or|   0|  0|   2|           1|           1|
    |select_ln859_1_fu_111_p3  |    select|   0|  0|  16|           1|          16|
    |select_ln859_2_fu_125_p3  |    select|   0|  0|   9|           1|           9|
    |select_ln859_fu_94_p3     |    select|   0|  0|  16|           1|          16|
    +--------------------------+----------+----+---+----+------------+------------+
    |Total                     |          |   0|  0| 158|          84|         122|
    +--------------------------+----------+----+---+----+------------+------------+

    * Multiplexer: 
    +-------------+----+-----------+-----+-----------+
    |     Name    | LUT| Input Size| Bits| Total Bits|
    +-------------+----+-----------+-----+-----------+
    |ap_NS_fsm    |  14|          3|    1|          3|
    |ap_done      |   9|          2|    1|          2|
    |ap_return_0  |   9|          2|   16|         32|
    |ap_return_1  |   9|          2|   16|         32|
    |ap_return_2  |   9|          2|   16|         32|
    +-------------+----+-----------+-----+-----------+
    |Total        |  50|         11|   50|        101|
    +-------------+----+-----------+-----+-----------+

    * Register: 
    +-------------------+----+----+-----+-----------+
    |        Name       | FF | LUT| Bits| Const Bits|
    +-------------------+----+----+-----+-----------+
    |ap_CS_fsm          |   2|   0|    2|          0|
    |ap_done_reg        |   1|   0|    1|          0|
    |ap_return_0_preg   |  16|   0|   16|          0|
    |ap_return_1_preg   |  16|   0|   16|          0|
    |ap_return_2_preg   |  16|   0|   16|          0|
    |p_Repl2_s_reg_174  |   1|   0|    1|          0|
    |r_V_reg_191        |  10|   0|   10|          0|
    |tmp_reg_186        |  10|   0|   10|          0|
    +-------------------+----+----+-----+-----------+
    |Total              |  72|   0|   72|          0|
    +-------------------+----+----+-----+-----------+



================================================================
== Interface
================================================================
* Summary: 
+-------------+-----+-----+------------+------------------------------+--------------+
|  RTL Ports  | Dir | Bits|  Protocol  |         Source Object        |    C Type    |
+-------------+-----+-----+------------+------------------------------+--------------+
|ap_clk       |   in|    1|  ap_ctrl_hs|  cordic_cr<(unsigned short)6>|  return value|
|ap_rst       |   in|    1|  ap_ctrl_hs|  cordic_cr<(unsigned short)6>|  return value|
|ap_start     |   in|    1|  ap_ctrl_hs|  cordic_cr<(unsigned short)6>|  return value|
|ap_done      |  out|    1|  ap_ctrl_hs|  cordic_cr<(unsigned short)6>|  return value|
|ap_continue  |   in|    1|  ap_ctrl_hs|  cordic_cr<(unsigned short)6>|  return value|
|ap_idle      |  out|    1|  ap_ctrl_hs|  cordic_cr<(unsigned short)6>|  return value|
|ap_ready     |  out|    1|  ap_ctrl_hs|  cordic_cr<(unsigned short)6>|  return value|
|ap_return_0  |  out|   16|  ap_ctrl_hs|  cordic_cr<(unsigned short)6>|  return value|
|ap_return_1  |  out|   16|  ap_ctrl_hs|  cordic_cr<(unsigned short)6>|  return value|
|ap_return_2  |  out|   16|  ap_ctrl_hs|  cordic_cr<(unsigned short)6>|  return value|
|p_read       |   in|   16|     ap_none|                        p_read|        scalar|
|p_read1      |   in|   16|     ap_none|                       p_read1|        scalar|
|p_read2      |   in|   16|     ap_none|                       p_read2|        scalar|
+-------------+-----+-----+------------+------------------------------+--------------+

============================================================
+ Verbose Summary: Synthesis Manager
============================================================
InlineROM: 1
ExposeGlobal: 0
============================================================
+ Verbose Summary: CDFG Model
============================================================
IsTopModel: 0
ResetActiveHigh: 1
IsCombinational: 2
IsDatapathOnly: 0
HasWiredReturn: 1
HasMFsm: 0
HasVarLatency: 1
IsPipeline: 0
IsRtlPipelined: 0
IsInstanceOverlapped: 0
IsDontTouch: 0
HasImplIP: 0
IsGatedGlobalClock: 0


============================================================
+ Verbose Summary: Schedule
============================================================
* Number of FSM states : 2
* Pipeline : 0
* Dataflow Pipeline: 0

* FSM state transitions: 
1 --> 2 
2 --> 

* FSM state operations: 

State 1 <SV = 0> <Delay = 1.95>
ST_1 : Operation 3 [1/1] (1.95ns)   --->   "%p_read_1 = read i16 @_ssdm_op_Read.ap_auto.i16, i16 %p_read2"   --->   Operation 3 'read' 'p_read_1' <Predicate = true> <Delay = 1.95> <CoreInst = "FIFO_SRL">   --->   Core 81 'FIFO_SRL' <Latency = 0> <II = 1> <Delay = 3.63> <Storage> <Opcode : 'read' 'write' 'nbread' 'nbwrite'> <Ports = 0> <Width = -1> <Depth = -1> <FIFO>
ST_1 : Operation 4 [1/1] (1.95ns)   --->   "%p_read_2 = read i16 @_ssdm_op_Read.ap_auto.i16, i16 %p_read1"   --->   Operation 4 'read' 'p_read_2' <Predicate = true> <Delay = 1.95> <CoreInst = "FIFO_SRL">   --->   Core 81 'FIFO_SRL' <Latency = 0> <II = 1> <Delay = 3.63> <Storage> <Opcode : 'read' 'write' 'nbread' 'nbwrite'> <Ports = 0> <Width = -1> <Depth = -1> <FIFO>
ST_1 : Operation 5 [1/1] (1.95ns)   --->   "%p_read_3 = read i16 @_ssdm_op_Read.ap_auto.i16, i16 %p_read"   --->   Operation 5 'read' 'p_read_3' <Predicate = true> <Delay = 1.95> <CoreInst = "FIFO_SRL">   --->   Core 81 'FIFO_SRL' <Latency = 0> <II = 1> <Delay = 3.63> <Storage> <Opcode : 'read' 'write' 'nbread' 'nbwrite'> <Ports = 0> <Width = -1> <Depth = -1> <FIFO>
ST_1 : Operation 6 [1/1] (0.00ns)   --->   "%p_Repl2_s = bitselect i1 @_ssdm_op_BitSelect.i1.i16.i32, i16 %p_read_2, i32 15"   --->   Operation 6 'bitselect' 'p_Repl2_s' <Predicate = true> <Delay = 0.00>
ST_1 : Operation 7 [1/1] (0.00ns)   --->   "%tmp = partselect i10 @_ssdm_op_PartSelect.i10.i16.i32.i32, i16 %p_read_2, i32 6, i32 15"   --->   Operation 7 'partselect' 'tmp' <Predicate = true> <Delay = 0.00>
ST_1 : Operation 8 [1/1] (0.00ns)   --->   "%r_V = partselect i10 @_ssdm_op_PartSelect.i10.i16.i32.i32, i16 %p_read_3, i32 6, i32 15"   --->   Operation 8 'partselect' 'r_V' <Predicate = true> <Delay = 0.00>

State 2 <SV = 1> <Delay = 2.88>
ST_2 : Operation 9 [1/1] (0.00ns)   --->   "%y_sft_V = bitconcatenate i16 @_ssdm_op_BitConcatenate.i16.i1.i1.i1.i1.i1.i1.i10, i1 %p_Repl2_s, i1 %p_Repl2_s, i1 %p_Repl2_s, i1 %p_Repl2_s, i1 %p_Repl2_s, i1 %p_Repl2_s, i10 %tmp"   --->   Operation 9 'bitconcatenate' 'y_sft_V' <Predicate = true> <Delay = 0.00>
ST_2 : Operation 10 [1/1] (0.00ns)   --->   "%sext_ln1534 = sext i10 %r_V"   --->   Operation 10 'sext' 'sext_ln1534' <Predicate = true> <Delay = 0.00>
ST_2 : Operation 11 [1/1] (2.07ns)   --->   "%sub_ln859 = sub i16 %p_read_3, i16 %y_sft_V"   --->   Operation 11 'sub' 'sub_ln859' <Predicate = (p_Repl2_s)> <Delay = 2.07> <CoreInst = "Adder">   --->   Core 1 'Adder' <Latency = 0> <II = 1> <Delay = 2.07> <FuncUnit> <Opcode : 'add' 'sub'> <InPorts = 2> <OutPorts = 1>
ST_2 : Operation 12 [1/1] (2.07ns)   --->   "%add_ln859 = add i16 %y_sft_V, i16 %p_read_3"   --->   Operation 12 'add' 'add_ln859' <Predicate = (!p_Repl2_s)> <Delay = 2.07> <CoreInst = "Adder">   --->   Core 1 'Adder' <Latency = 0> <II = 1> <Delay = 2.07> <FuncUnit> <Opcode : 'add' 'sub'> <InPorts = 2> <OutPorts = 1>
ST_2 : Operation 13 [1/1] (0.80ns)   --->   "%select_ln859 = select i1 %p_Repl2_s, i16 %sub_ln859, i16 %add_ln859"   --->   Operation 13 'select' 'select_ln859' <Predicate = true> <Delay = 0.80> <CoreInst = "Sel">   --->   Core 73 'Sel' <Latency = 0> <II = 1> <Delay = 0.80> <FuncUnit> <Opcode : 'select'> <InPorts = 3> <OutPorts = 1>
ST_2 : Operation 14 [1/1] (2.07ns)   --->   "%add_ln859_1 = add i16 %sext_ln1534, i16 %p_read_2"   --->   Operation 14 'add' 'add_ln859_1' <Predicate = (p_Repl2_s)> <Delay = 2.07> <CoreInst = "Adder">   --->   Core 1 'Adder' <Latency = 0> <II = 1> <Delay = 2.07> <FuncUnit> <Opcode : 'add' 'sub'> <InPorts = 2> <OutPorts = 1>
ST_2 : Operation 15 [1/1] (2.07ns)   --->   "%sub_ln859_1 = sub i16 %p_read_2, i16 %sext_ln1534"   --->   Operation 15 'sub' 'sub_ln859_1' <Predicate = (!p_Repl2_s)> <Delay = 2.07> <CoreInst = "Adder">   --->   Core 1 'Adder' <Latency = 0> <II = 1> <Delay = 2.07> <FuncUnit> <Opcode : 'add' 'sub'> <InPorts = 2> <OutPorts = 1>
ST_2 : Operation 16 [1/1] (0.80ns)   --->   "%select_ln859_1 = select i1 %p_Repl2_s, i16 %add_ln859_1, i16 %sub_ln859_1"   --->   Operation 16 'select' 'select_ln859_1' <Predicate = true> <Delay = 0.80> <CoreInst = "Sel">   --->   Core 73 'Sel' <Latency = 0> <II = 1> <Delay = 0.80> <FuncUnit> <Opcode : 'select'> <InPorts = 3> <OutPorts = 1>
ST_2 : Operation 17 [1/1] (0.00ns) (grouped into LUT with out node add_ln859_2)   --->   "%tmp_11 = bitselect i1 @_ssdm_op_BitSelect.i1.i16.i32, i16 %p_read_2, i32 15"   --->   Operation 17 'bitselect' 'tmp_11' <Predicate = true> <Delay = 0.00>
ST_2 : Operation 18 [1/1] (0.00ns) (grouped into LUT with out node add_ln859_2)   --->   "%select_ln859_2 = select i1 %tmp_11, i16 65408, i16 128"   --->   Operation 18 'select' 'select_ln859_2' <Predicate = true> <Delay = 0.00> <CoreInst = "Sel">   --->   Core 73 'Sel' <Latency = 0> <II = 1> <Delay = 0.96> <FuncUnit> <Opcode : 'select'> <InPorts = 3> <OutPorts = 1>
ST_2 : Operation 19 [1/1] (2.07ns) (out node of the LUT)   --->   "%add_ln859_2 = add i16 %select_ln859_2, i16 %p_read_1"   --->   Operation 19 'add' 'add_ln859_2' <Predicate = true> <Delay = 2.07> <CoreInst = "Adder">   --->   Core 1 'Adder' <Latency = 0> <II = 1> <Delay = 2.07> <FuncUnit> <Opcode : 'add' 'sub'> <InPorts = 2> <OutPorts = 1>
ST_2 : Operation 20 [1/1] (0.00ns)   --->   "%mrv = insertvalue i48 <undef>, i16 %select_ln859" [cordiccart2pol.cpp:150]   --->   Operation 20 'insertvalue' 'mrv' <Predicate = true> <Delay = 0.00>
ST_2 : Operation 21 [1/1] (0.00ns)   --->   "%mrv_1 = insertvalue i48 %mrv, i16 %select_ln859_1" [cordiccart2pol.cpp:150]   --->   Operation 21 'insertvalue' 'mrv_1' <Predicate = true> <Delay = 0.00>
ST_2 : Operation 22 [1/1] (0.00ns)   --->   "%mrv_2 = insertvalue i48 %mrv_1, i16 %add_ln859_2" [cordiccart2pol.cpp:150]   --->   Operation 22 'insertvalue' 'mrv_2' <Predicate = true> <Delay = 0.00>
ST_2 : Operation 23 [1/1] (0.00ns)   --->   "%ret_ln150 = ret i48 %mrv_2" [cordiccart2pol.cpp:150]   --->   Operation 23 'ret' 'ret_ln150' <Predicate = true> <Delay = 0.00>


============================================================
+ Verbose Summary: Binding
============================================================
STG Binding: 
---------------- STG Properties BEGIN ----------------
- Is combinational: 0
- Is one-state seq: 0
- Is datapath-only: 0
- Is pipelined: 0
- Is top level: 0
Port [ Return ] is wired: 1; IO mode=ap_ctrl_hs:ce=0
Port [ p_read]:  wired=1; compound=0; hidden=0; nouse=0; global=0; static=0; extern=0; dir=0; type=0; pingpong=0; private_global=0; IO mode=ap_none:ce=0
Port [ p_read1]:  wired=1; compound=0; hidden=0; nouse=0; global=0; static=0; extern=0; dir=0; type=0; pingpong=0; private_global=0; IO mode=ap_none:ce=0
Port [ p_read2]:  wired=1; compound=0; hidden=0; nouse=0; global=0; static=0; extern=0; dir=0; type=0; pingpong=0; private_global=0; IO mode=ap_none:ce=0
---------------- STG Properties END ------------------

---------------- Datapath Model BEGIN ----------------

<LifeTime>
<method=bitvector/>
p_read_1       (read          ) [ 001]
p_read_2       (read          ) [ 001]
p_read_3       (read          ) [ 001]
p_Repl2_s      (bitselect     ) [ 001]
tmp            (partselect    ) [ 001]
r_V            (partselect    ) [ 001]
y_sft_V        (bitconcatenate) [ 000]
sext_ln1534    (sext          ) [ 000]
sub_ln859      (sub           ) [ 000]
add_ln859      (add           ) [ 000]
select_ln859   (select        ) [ 000]
add_ln859_1    (add           ) [ 000]
sub_ln859_1    (sub           ) [ 000]
select_ln859_1 (select        ) [ 000]
tmp_11         (bitselect     ) [ 000]
select_ln859_2 (select        ) [ 000]
add_ln859_2    (add           ) [ 000]
mrv            (insertvalue   ) [ 000]
mrv_1          (insertvalue   ) [ 000]
mrv_2          (insertvalue   ) [ 000]
ret_ln150      (ret           ) [ 000]
</LifeTime>

<model>

<comp_list>
<comp id="0" class="1000" name="p_read">
<pin_list>
<pin id="1" dir="1" index="0" bw="1" slack="0"/>
</pin_list>
<bind>
<StgValue><ssdm name="p_read"/></StgValue>
</bind>
</comp>

<comp id="2" class="1000" name="p_read1">
<pin_list>
<pin id="3" dir="1" index="0" bw="1" slack="0"/>
</pin_list>
<bind>
<StgValue><ssdm name="p_read1"/></StgValue>
</bind>
</comp>

<comp id="4" class="1000" name="p_read2">
<pin_list>
<pin id="5" dir="1" index="0" bw="1" slack="0"/>
</pin_list>
<bind>
<StgValue><ssdm name="p_read2"/></StgValue>
</bind>
</comp>

<comp id="6" class="1001" name="const_6">
<pin_list>
<pin id="7" dir="1" index="0" bw="1" slack="0"/>
</pin_list>
<bind>
<StgValue><ssdm name="_ssdm_op_Read.ap_auto.i16"/></StgValue>
</bind>
</comp>

<comp id="8" class="1001" name="const_8">
<pin_list>
<pin id="9" dir="1" index="0" bw="1" slack="0"/>
</pin_list>
<bind>
<StgValue><ssdm name="_ssdm_op_BitSelect.i1.i16.i32"/></StgValue>
</bind>
</comp>

<comp id="10" class="1001" name="const_10">
<pin_list>
<pin id="11" dir="1" index="0" bw="1" slack="0"/>
</pin_list>
<bind>
<StgValue><ssdm name=""/></StgValue>
</bind>
</comp>

<comp id="12" class="1001" name="const_12">
<pin_list>
<pin id="13" dir="1" index="0" bw="1" slack="0"/>
</pin_list>
<bind>
<StgValue><ssdm name="_ssdm_op_PartSelect.i10.i16.i32.i32"/></StgValue>
</bind>
</comp>

<comp id="14" class="1001" name="const_14">
<pin_list>
<pin id="15" dir="1" index="0" bw="1" slack="0"/>
</pin_list>
<bind>
<StgValue><ssdm name=""/></StgValue>
</bind>
</comp>

<comp id="16" class="1001" name="const_16">
<pin_list>
<pin id="17" dir="1" index="0" bw="1" slack="0"/>
</pin_list>
<bind>
<StgValue><ssdm name="_ssdm_op_BitConcatenate.i16.i1.i1.i1.i1.i1.i1.i10"/></StgValue>
</bind>
</comp>

<comp id="18" class="1001" name="const_18">
<pin_list>
<pin id="19" dir="1" index="0" bw="1" slack="0"/>
</pin_list>
<bind>
<StgValue><ssdm name=""/></StgValue>
</bind>
</comp>

<comp id="20" class="1001" name="const_20">
<pin_list>
<pin id="21" dir="1" index="0" bw="1" slack="0"/>
</pin_list>
<bind>
<StgValue><ssdm name=""/></StgValue>
</bind>
</comp>

<comp id="22" class="1001" name="const_22">
<pin_list>
<pin id="23" dir="1" index="0" bw="1" slack="0"/>
</pin_list>
<bind>
<StgValue><ssdm name=""/></StgValue>
</bind>
</comp>

<comp id="24" class="1004" name="p_read_1_read_fu_24">
<pin_list>
<pin id="25" dir="0" index="0" bw="16" slack="0"/>
<pin id="26" dir="0" index="1" bw="16" slack="0"/>
<pin id="27" dir="1" index="2" bw="16" slack="1"/>
</pin_list>
<bind>
<opcode="read(1150) " fcode="read"/>
<opset="p_read_1/1 "/>
</bind>
</comp>

<comp id="30" class="1004" name="p_read_2_read_fu_30">
<pin_list>
<pin id="31" dir="0" index="0" bw="16" slack="0"/>
<pin id="32" dir="0" index="1" bw="16" slack="0"/>
<pin id="33" dir="1" index="2" bw="16" slack="0"/>
</pin_list>
<bind>
<opcode="read(1150) " fcode="read"/>
<opset="p_read_2/1 "/>
</bind>
</comp>

<comp id="36" class="1004" name="p_read_3_read_fu_36">
<pin_list>
<pin id="37" dir="0" index="0" bw="16" slack="0"/>
<pin id="38" dir="0" index="1" bw="16" slack="0"/>
<pin id="39" dir="1" index="2" bw="16" slack="0"/>
</pin_list>
<bind>
<opcode="read(1150) " fcode="read"/>
<opset="p_read_3/1 "/>
</bind>
</comp>

<comp id="42" class="1004" name="p_Repl2_s_fu_42">
<pin_list>
<pin id="43" dir="0" index="0" bw="1" slack="0"/>
<pin id="44" dir="0" index="1" bw="16" slack="0"/>
<pin id="45" dir="0" index="2" bw="5" slack="0"/>
<pin id="46" dir="1" index="3" bw="1" slack="1"/>
</pin_list>
<bind>
<opcode="bitselect(1000) " fcode="bitselect"/>
<opset="p_Repl2_s/1 "/>
</bind>
</comp>

<comp id="50" class="1004" name="tmp_fu_50">
<pin_list>
<pin id="51" dir="0" index="0" bw="10" slack="0"/>
<pin id="52" dir="0" index="1" bw="16" slack="0"/>
<pin id="53" dir="0" index="2" bw="4" slack="0"/>
<pin id="54" dir="0" index="3" bw="5" slack="0"/>
<pin id="55" dir="1" index="4" bw="10" slack="1"/>
</pin_list>
<bind>
<opcode="partselect(1002) " fcode="partselect"/>
<opset="tmp/1 "/>
</bind>
</comp>

<comp id="60" class="1004" name="r_V_fu_60">
<pin_list>
<pin id="61" dir="0" index="0" bw="10" slack="0"/>
<pin id="62" dir="0" index="1" bw="16" slack="0"/>
<pin id="63" dir="0" index="2" bw="4" slack="0"/>
<pin id="64" dir="0" index="3" bw="5" slack="0"/>
<pin id="65" dir="1" index="4" bw="10" slack="1"/>
</pin_list>
<bind>
<opcode="partselect(1002) " fcode="partselect"/>
<opset="r_V/1 "/>
</bind>
</comp>

<comp id="70" class="1004" name="y_sft_V_fu_70">
<pin_list>
<pin id="71" dir="0" index="0" bw="16" slack="0"/>
<pin id="72" dir="0" index="1" bw="1" slack="1"/>
<pin id="73" dir="0" index="2" bw="1" slack="1"/>
<pin id="74" dir="0" index="3" bw="1" slack="1"/>
<pin id="75" dir="0" index="4" bw="1" slack="1"/>
<pin id="76" dir="0" index="5" bw="1" slack="1"/>
<pin id="77" dir="0" index="6" bw="1" slack="1"/>
<pin id="78" dir="0" index="7" bw="10" slack="1"/>
<pin id="79" dir="1" index="8" bw="16" slack="0"/>
</pin_list>
<bind>
<opcode="bitconcatenate(1004) " fcode="bitconcatenate"/>
<opset="y_sft_V/2 "/>
</bind>
</comp>

<comp id="81" class="1004" name="sext_ln1534_fu_81">
<pin_list>
<pin id="82" dir="0" index="0" bw="10" slack="1"/>
<pin id="83" dir="1" index="1" bw="16" slack="0"/>
</pin_list>
<bind>
<opcode="sext(35) " fcode="sext"/>
<opset="sext_ln1534/2 "/>
</bind>
</comp>

<comp id="84" class="1004" name="sub_ln859_fu_84">
<pin_list>
<pin id="85" dir="0" index="0" bw="16" slack="1"/>
<pin id="86" dir="0" index="1" bw="16" slack="0"/>
<pin id="87" dir="1" index="2" bw="16" slack="0"/>
</pin_list>
<bind>
<opcode="sub(10) " fcode="sub"/>
<opset="sub_ln859/2 "/>
</bind>
</comp>

<comp id="89" class="1004" name="add_ln859_fu_89">
<pin_list>
<pin id="90" dir="0" index="0" bw="16" slack="0"/>
<pin id="91" dir="0" index="1" bw="16" slack="1"/>
<pin id="92" dir="1" index="2" bw="16" slack="0"/>
</pin_list>
<bind>
<opcode="add(8) " fcode="add"/>
<opset="add_ln859/2 "/>
</bind>
</comp>

<comp id="94" class="1004" name="select_ln859_fu_94">
<pin_list>
<pin id="95" dir="0" index="0" bw="1" slack="1"/>
<pin id="96" dir="0" index="1" bw="16" slack="0"/>
<pin id="97" dir="0" index="2" bw="16" slack="0"/>
<pin id="98" dir="1" index="3" bw="16" slack="0"/>
</pin_list>
<bind>
<opcode="select(49) " fcode="select"/>
<opset="select_ln859/2 "/>
</bind>
</comp>

<comp id="101" class="1004" name="add_ln859_1_fu_101">
<pin_list>
<pin id="102" dir="0" index="0" bw="10" slack="0"/>
<pin id="103" dir="0" index="1" bw="16" slack="1"/>
<pin id="104" dir="1" index="2" bw="16" slack="0"/>
</pin_list>
<bind>
<opcode="add(8) " fcode="add"/>
<opset="add_ln859_1/2 "/>
</bind>
</comp>

<comp id="106" class="1004" name="sub_ln859_1_fu_106">
<pin_list>
<pin id="107" dir="0" index="0" bw="16" slack="1"/>
<pin id="108" dir="0" index="1" bw="10" slack="0"/>
<pin id="109" dir="1" index="2" bw="16" slack="0"/>
</pin_list>
<bind>
<opcode="sub(10) " fcode="sub"/>
<opset="sub_ln859_1/2 "/>
</bind>
</comp>

<comp id="111" class="1004" name="select_ln859_1_fu_111">
<pin_list>
<pin id="112" dir="0" index="0" bw="1" slack="1"/>
<pin id="113" dir="0" index="1" bw="16" slack="0"/>
<pin id="114" dir="0" index="2" bw="16" slack="0"/>
<pin id="115" dir="1" index="3" bw="16" slack="0"/>
</pin_list>
<bind>
<opcode="select(49) " fcode="select"/>
<opset="select_ln859_1/2 "/>
</bind>
</comp>

<comp id="118" class="1004" name="tmp_11_fu_118">
<pin_list>
<pin id="119" dir="0" index="0" bw="1" slack="0"/>
<pin id="120" dir="0" index="1" bw="16" slack="1"/>
<pin id="121" dir="0" index="2" bw="5" slack="0"/>
<pin id="122" dir="1" index="3" bw="1" slack="0"/>
</pin_list>
<bind>
<opcode="bitselect(1000) " fcode="bitselect"/>
<opset="tmp_11/2 "/>
</bind>
</comp>

<comp id="125" class="1004" name="select_ln859_2_fu_125">
<pin_list>
<pin id="126" dir="0" index="0" bw="1" slack="0"/>
<pin id="127" dir="0" index="1" bw="16" slack="0"/>
<pin id="128" dir="0" index="2" bw="16" slack="0"/>
<pin id="129" dir="1" index="3" bw="16" slack="0"/>
</pin_list>
<bind>
<opcode="select(49) " fcode="select"/>
<opset="select_ln859_2/2 "/>
</bind>
</comp>

<comp id="133" class="1004" name="add_ln859_2_fu_133">
<pin_list>
<pin id="134" dir="0" index="0" bw="9" slack="0"/>
<pin id="135" dir="0" index="1" bw="16" slack="1"/>
<pin id="136" dir="1" index="2" bw="16" slack="0"/>
</pin_list>
<bind>
<opcode="add(8) " fcode="add"/>
<opset="add_ln859_2/2 "/>
</bind>
</comp>

<comp id="138" class="1004" name="mrv_fu_138">
<pin_list>
<pin id="139" dir="0" index="0" bw="48" slack="0"/>
<pin id="140" dir="0" index="1" bw="16" slack="0"/>
<pin id="141" dir="1" index="2" bw="48" slack="0"/>
</pin_list>
<bind>
<opcode="insertvalue(57) " fcode="insertvalue"/>
<opset="mrv/2 "/>
</bind>
</comp>

<comp id="144" class="1004" name="mrv_1_fu_144">
<pin_list>
<pin id="145" dir="0" index="0" bw="48" slack="0"/>
<pin id="146" dir="0" index="1" bw="16" slack="0"/>
<pin id="147" dir="1" index="2" bw="48" slack="0"/>
</pin_list>
<bind>
<opcode="insertvalue(57) " fcode="insertvalue"/>
<opset="mrv_1/2 "/>
</bind>
</comp>

<comp id="150" class="1004" name="mrv_2_fu_150">
<pin_list>
<pin id="151" dir="0" index="0" bw="48" slack="0"/>
<pin id="152" dir="0" index="1" bw="16" slack="0"/>
<pin id="153" dir="1" index="2" bw="48" slack="2147483647"/>
</pin_list>
<bind>
<opcode="insertvalue(57) " fcode="insertvalue"/>
<opset="mrv_2/2 "/>
</bind>
</comp>

<comp id="156" class="1005" name="p_read_1_reg_156">
<pin_list>
<pin id="157" dir="0" index="0" bw="16" slack="1"/>
<pin id="158" dir="1" index="1" bw="16" slack="1"/>
</pin_list>
<bind>
<opset="p_read_1 "/>
</bind>
</comp>

<comp id="161" class="1005" name="p_read_2_reg_161">
<pin_list>
<pin id="162" dir="0" index="0" bw="16" slack="1"/>
<pin id="163" dir="1" index="1" bw="16" slack="1"/>
</pin_list>
<bind>
<opset="p_read_2 "/>
</bind>
</comp>

<comp id="168" class="1005" name="p_read_3_reg_168">
<pin_list>
<pin id="169" dir="0" index="0" bw="16" slack="1"/>
<pin id="170" dir="1" index="1" bw="16" slack="1"/>
</pin_list>
<bind>
<opset="p_read_3 "/>
</bind>
</comp>

<comp id="174" class="1005" name="p_Repl2_s_reg_174">
<pin_list>
<pin id="175" dir="0" index="0" bw="1" slack="1"/>
<pin id="176" dir="1" index="1" bw="1" slack="1"/>
</pin_list>
<bind>
<opset="p_Repl2_s "/>
</bind>
</comp>

<comp id="186" class="1005" name="tmp_reg_186">
<pin_list>
<pin id="187" dir="0" index="0" bw="10" slack="1"/>
<pin id="188" dir="1" index="1" bw="10" slack="1"/>
</pin_list>
<bind>
<opset="tmp "/>
</bind>
</comp>

<comp id="191" class="1005" name="r_V_reg_191">
<pin_list>
<pin id="192" dir="0" index="0" bw="10" slack="1"/>
<pin id="193" dir="1" index="1" bw="10" slack="1"/>
</pin_list>
<bind>
<opset="r_V "/>
</bind>
</comp>

</comp_list>

<net_list>
<net id="28"><net_src comp="6" pin="0"/><net_sink comp="24" pin=0"/></net>

<net id="29"><net_src comp="4" pin="0"/><net_sink comp="24" pin=1"/></net>

<net id="34"><net_src comp="6" pin="0"/><net_sink comp="30" pin=0"/></net>

<net id="35"><net_src comp="2" pin="0"/><net_sink comp="30" pin=1"/></net>

<net id="40"><net_src comp="6" pin="0"/><net_sink comp="36" pin=0"/></net>

<net id="41"><net_src comp="0" pin="0"/><net_sink comp="36" pin=1"/></net>

<net id="47"><net_src comp="8" pin="0"/><net_sink comp="42" pin=0"/></net>

<net id="48"><net_src comp="30" pin="2"/><net_sink comp="42" pin=1"/></net>

<net id="49"><net_src comp="10" pin="0"/><net_sink comp="42" pin=2"/></net>

<net id="56"><net_src comp="12" pin="0"/><net_sink comp="50" pin=0"/></net>

<net id="57"><net_src comp="30" pin="2"/><net_sink comp="50" pin=1"/></net>

<net id="58"><net_src comp="14" pin="0"/><net_sink comp="50" pin=2"/></net>

<net id="59"><net_src comp="10" pin="0"/><net_sink comp="50" pin=3"/></net>

<net id="66"><net_src comp="12" pin="0"/><net_sink comp="60" pin=0"/></net>

<net id="67"><net_src comp="36" pin="2"/><net_sink comp="60" pin=1"/></net>

<net id="68"><net_src comp="14" pin="0"/><net_sink comp="60" pin=2"/></net>

<net id="69"><net_src comp="10" pin="0"/><net_sink comp="60" pin=3"/></net>

<net id="80"><net_src comp="16" pin="0"/><net_sink comp="70" pin=0"/></net>

<net id="88"><net_src comp="70" pin="8"/><net_sink comp="84" pin=1"/></net>

<net id="93"><net_src comp="70" pin="8"/><net_sink comp="89" pin=0"/></net>

<net id="99"><net_src comp="84" pin="2"/><net_sink comp="94" pin=1"/></net>

<net id="100"><net_src comp="89" pin="2"/><net_sink comp="94" pin=2"/></net>

<net id="105"><net_src comp="81" pin="1"/><net_sink comp="101" pin=0"/></net>

<net id="110"><net_src comp="81" pin="1"/><net_sink comp="106" pin=1"/></net>

<net id="116"><net_src comp="101" pin="2"/><net_sink comp="111" pin=1"/></net>

<net id="117"><net_src comp="106" pin="2"/><net_sink comp="111" pin=2"/></net>

<net id="123"><net_src comp="8" pin="0"/><net_sink comp="118" pin=0"/></net>

<net id="124"><net_src comp="10" pin="0"/><net_sink comp="118" pin=2"/></net>

<net id="130"><net_src comp="118" pin="3"/><net_sink comp="125" pin=0"/></net>

<net id="131"><net_src comp="18" pin="0"/><net_sink comp="125" pin=1"/></net>

<net id="132"><net_src comp="20" pin="0"/><net_sink comp="125" pin=2"/></net>

<net id="137"><net_src comp="125" pin="3"/><net_sink comp="133" pin=0"/></net>

<net id="142"><net_src comp="22" pin="0"/><net_sink comp="138" pin=0"/></net>

<net id="143"><net_src comp="94" pin="3"/><net_sink comp="138" pin=1"/></net>

<net id="148"><net_src comp="138" pin="2"/><net_sink comp="144" pin=0"/></net>

<net id="149"><net_src comp="111" pin="3"/><net_sink comp="144" pin=1"/></net>

<net id="154"><net_src comp="144" pin="2"/><net_sink comp="150" pin=0"/></net>

<net id="155"><net_src comp="133" pin="2"/><net_sink comp="150" pin=1"/></net>

<net id="159"><net_src comp="24" pin="2"/><net_sink comp="156" pin=0"/></net>

<net id="160"><net_src comp="156" pin="1"/><net_sink comp="133" pin=1"/></net>

<net id="164"><net_src comp="30" pin="2"/><net_sink comp="161" pin=0"/></net>

<net id="165"><net_src comp="161" pin="1"/><net_sink comp="101" pin=1"/></net>

<net id="166"><net_src comp="161" pin="1"/><net_sink comp="106" pin=0"/></net>

<net id="167"><net_src comp="161" pin="1"/><net_sink comp="118" pin=1"/></net>

<net id="171"><net_src comp="36" pin="2"/><net_sink comp="168" pin=0"/></net>

<net id="172"><net_src comp="168" pin="1"/><net_sink comp="84" pin=0"/></net>

<net id="173"><net_src comp="168" pin="1"/><net_sink comp="89" pin=1"/></net>

<net id="177"><net_src comp="42" pin="3"/><net_sink comp="174" pin=0"/></net>

<net id="178"><net_src comp="174" pin="1"/><net_sink comp="70" pin=1"/></net>

<net id="179"><net_src comp="174" pin="1"/><net_sink comp="70" pin=2"/></net>

<net id="180"><net_src comp="174" pin="1"/><net_sink comp="70" pin=3"/></net>

<net id="181"><net_src comp="174" pin="1"/><net_sink comp="70" pin=4"/></net>

<net id="182"><net_src comp="174" pin="1"/><net_sink comp="70" pin=5"/></net>

<net id="183"><net_src comp="174" pin="1"/><net_sink comp="70" pin=6"/></net>

<net id="184"><net_src comp="174" pin="1"/><net_sink comp="94" pin=0"/></net>

<net id="185"><net_src comp="174" pin="1"/><net_sink comp="111" pin=0"/></net>

<net id="189"><net_src comp="50" pin="4"/><net_sink comp="186" pin=0"/></net>

<net id="190"><net_src comp="186" pin="1"/><net_sink comp="70" pin=7"/></net>

<net id="194"><net_src comp="60" pin="4"/><net_sink comp="191" pin=0"/></net>

<net id="195"><net_src comp="191" pin="1"/><net_sink comp="81" pin=0"/></net>

</net_list>

</model> 
---------------- Datapath Model END ------------------

* FSMD analyzer results:
  - Output states:
 - Input state : 
	Port: cordic_cr<(unsigned short)6> : p_read | {1 }
	Port: cordic_cr<(unsigned short)6> : p_read1 | {1 }
	Port: cordic_cr<(unsigned short)6> : p_read2 | {1 }
  - Chain level:
	State 1
	State 2
		sub_ln859 : 1
		add_ln859 : 1
		select_ln859 : 2
		add_ln859_1 : 1
		sub_ln859_1 : 1
		select_ln859_1 : 2
		select_ln859_2 : 1
		add_ln859_2 : 2
		mrv : 3
		mrv_1 : 4
		mrv_2 : 5
		ret_ln150 : 6


============================================================
+ Verbose Summary: Datapath Resource usage 
============================================================

* Functional unit list:
|----------|-----------------------|---------|---------|
| Operation|    Functional Unit    |    FF   |   LUT   |
|----------|-----------------------|---------|---------|
|          |    add_ln859_fu_89    |    0    |    23   |
|    add   |   add_ln859_1_fu_101  |    0    |    23   |
|          |   add_ln859_2_fu_133  |    0    |    23   |
|----------|-----------------------|---------|---------|
|          |   select_ln859_fu_94  |    0    |    16   |
|  select  | select_ln859_1_fu_111 |    0    |    16   |
|          | select_ln859_2_fu_125 |    0    |    16   |
|----------|-----------------------|---------|---------|
|    sub   |    sub_ln859_fu_84    |    0    |    23   |
|          |   sub_ln859_1_fu_106  |    0    |    23   |
|----------|-----------------------|---------|---------|
|          |  p_read_1_read_fu_24  |    0    |    0    |
|   read   |  p_read_2_read_fu_30  |    0    |    0    |
|          |  p_read_3_read_fu_36  |    0    |    0    |
|----------|-----------------------|---------|---------|
| bitselect|    p_Repl2_s_fu_42    |    0    |    0    |
|          |     tmp_11_fu_118     |    0    |    0    |
|----------|-----------------------|---------|---------|
|partselect|       tmp_fu_50       |    0    |    0    |
|          |       r_V_fu_60       |    0    |    0    |
|----------|-----------------------|---------|---------|
|bitconcatenate|     y_sft_V_fu_70     |    0    |    0    |
|----------|-----------------------|---------|---------|
|   sext   |   sext_ln1534_fu_81   |    0    |    0    |
|----------|-----------------------|---------|---------|
|          |       mrv_fu_138      |    0    |    0    |
|insertvalue|      mrv_1_fu_144     |    0    |    0    |
|          |      mrv_2_fu_150     |    0    |    0    |
|----------|-----------------------|---------|---------|
|   Total  |                       |    0    |   163   |
|----------|-----------------------|---------|---------|

Memories:
N/A

* Register list:
+-----------------+--------+
|                 |   FF   |
+-----------------+--------+
|p_Repl2_s_reg_174|    1   |
| p_read_1_reg_156|   16   |
| p_read_2_reg_161|   16   |
| p_read_3_reg_168|   16   |
|   r_V_reg_191   |   10   |
|   tmp_reg_186   |   10   |
+-----------------+--------+
|      Total      |   69   |
+-----------------+--------+

* Multiplexer (MUX) list: 
|--------|------|------|------|--------|
|  Comp  |  Pin | Size |  BW  | S x BW |
|--------|------|------|------|--------|
|  Total |      |      |      |    0   |
|--------|------|------|------|--------|



* Summary:
+-----------+--------+--------+
|           |   FF   |   LUT  |
+-----------+--------+--------+
|  Function |    0   |   163  |
|   Memory  |    -   |    -   |
|Multiplexer|    -   |    -   |
|  Register |   69   |    -   |
+-----------+--------+--------+
|   Total   |   69   |   163  |
+-----------+--------+--------+
