

================================================================
== Vitis HLS Report for 'cordic_cr_unsigned_short_1_s'
================================================================
* Date:           Sun Nov 13 22:40:35 2022

* Version:        2022.1 (Build 3526262 on Mon Apr 18 15:48:16 MDT 2022)
* Project:        CORDIC_original
* Solution:       solution1 (Vivado IP Flow Target)
* Product family: zynq
* Target device:  xc7z020-clg400-1


================================================================
== Performance Estimates
================================================================
+ Timing: 
    * Summary: 
    +--------+---------+----------+------------+
    |  Clock |  Target | Estimated| Uncertainty|
    +--------+---------+----------+------------+
    |ap_clk  |  5.35 ns|  2.882 ns|     1.44 ns|
    +--------+---------+----------+------------+

+ Latency: 
    * Summary: 
    +---------+---------+----------+----------+-----+-----+---------+
    |  Latency (cycles) |  Latency (absolute) |  Interval | Pipeline|
    |   min   |   max   |    min   |    max   | min | max |   Type  |
    +---------+---------+----------+----------+-----+-----+---------+
    |        1|        1|  5.350 ns|  5.350 ns|    1|    1|       no|
    +---------+---------+----------+----------+-----+-----+---------+

    + Detail: 
        * Instance: 
        N/A

        * Loop: 
        N/A

============================================================
+ Verbose Summary: Synthesis Manager
============================================================
InlineROM: 1
ExposeGlobal: 0
============================================================
+ Verbose Summary: CDFG Model
============================================================
IsTopModel: 0
ResetActiveHigh: 1
IsCombinational: 2
IsDatapathOnly: 0
HasWiredReturn: 1
HasMFsm: 0
HasVarLatency: 1
IsPipeline: 0
IsRtlPipelined: 0
IsInstanceOverlapped: 0
IsDontTouch: 0
HasImplIP: 0
IsGatedGlobalClock: 0


============================================================
+ Verbose Summary: Schedule
============================================================
* Number of FSM states : 2
* Pipeline : 0
* Dataflow Pipeline: 0

* FSM state transitions: 
1 --> 2 
2 --> 

* FSM state operations: 

State 1 <SV = 0> <Delay = 1.95>
ST_1 : Operation 3 [1/1] (1.95ns)   --->   "%p_read25 = read i16 @_ssdm_op_Read.ap_auto.i16, i16 %p_read2"   --->   Operation 3 'read' 'p_read25' <Predicate = true> <Delay = 1.95> <CoreInst = "FIFO_SRL">   --->   Core 81 'FIFO_SRL' <Latency = 0> <II = 1> <Delay = 3.63> <Storage> <Opcode : 'read' 'write' 'nbread' 'nbwrite'> <Ports = 0> <Width = -1> <Depth = -1> <FIFO>
ST_1 : Operation 4 [1/1] (1.95ns)   --->   "%p_read14 = read i16 @_ssdm_op_Read.ap_auto.i16, i16 %p_read1"   --->   Operation 4 'read' 'p_read14' <Predicate = true> <Delay = 1.95> <CoreInst = "FIFO_SRL">   --->   Core 81 'FIFO_SRL' <Latency = 0> <II = 1> <Delay = 3.63> <Storage> <Opcode : 'read' 'write' 'nbread' 'nbwrite'> <Ports = 0> <Width = -1> <Depth = -1> <FIFO>
ST_1 : Operation 5 [1/1] (1.95ns)   --->   "%p_read_9 = read i16 @_ssdm_op_Read.ap_auto.i16, i16 %p_read"   --->   Operation 5 'read' 'p_read_9' <Predicate = true> <Delay = 1.95> <CoreInst = "FIFO_SRL">   --->   Core 81 'FIFO_SRL' <Latency = 0> <II = 1> <Delay = 3.63> <Storage> <Opcode : 'read' 'write' 'nbread' 'nbwrite'> <Ports = 0> <Width = -1> <Depth = -1> <FIFO>
ST_1 : Operation 6 [1/1] (0.00ns)   --->   "%p_Repl2_s = bitselect i1 @_ssdm_op_BitSelect.i1.i16.i32, i16 %p_read14, i32 15"   --->   Operation 6 'bitselect' 'p_Repl2_s' <Predicate = true> <Delay = 0.00>
ST_1 : Operation 7 [1/1] (0.00ns)   --->   "%tmp = partselect i15 @_ssdm_op_PartSelect.i15.i16.i32.i32, i16 %p_read14, i32 1, i32 15"   --->   Operation 7 'partselect' 'tmp' <Predicate = true> <Delay = 0.00>
ST_1 : Operation 8 [1/1] (0.00ns)   --->   "%r_V = partselect i15 @_ssdm_op_PartSelect.i15.i16.i32.i32, i16 %p_read_9, i32 1, i32 15"   --->   Operation 8 'partselect' 'r_V' <Predicate = true> <Delay = 0.00>

State 2 <SV = 1> <Delay = 2.88>
ST_2 : Operation 9 [1/1] (0.00ns)   --->   "%y_sft_V = bitconcatenate i16 @_ssdm_op_BitConcatenate.i16.i1.i15, i1 %p_Repl2_s, i15 %tmp"   --->   Operation 9 'bitconcatenate' 'y_sft_V' <Predicate = true> <Delay = 0.00>
ST_2 : Operation 10 [1/1] (0.00ns)   --->   "%sext_ln1534 = sext i15 %r_V"   --->   Operation 10 'sext' 'sext_ln1534' <Predicate = true> <Delay = 0.00>
ST_2 : Operation 11 [1/1] (2.07ns)   --->   "%sub_ln859 = sub i16 %p_read_9, i16 %y_sft_V"   --->   Operation 11 'sub' 'sub_ln859' <Predicate = (p_Repl2_s)> <Delay = 2.07> <CoreInst = "Adder">   --->   Core 1 'Adder' <Latency = 0> <II = 1> <Delay = 2.07> <FuncUnit> <Opcode : 'add' 'sub'> <InPorts = 2> <OutPorts = 1>
ST_2 : Operation 12 [1/1] (2.07ns)   --->   "%add_ln859 = add i16 %y_sft_V, i16 %p_read_9"   --->   Operation 12 'add' 'add_ln859' <Predicate = (!p_Repl2_s)> <Delay = 2.07> <CoreInst = "Adder">   --->   Core 1 'Adder' <Latency = 0> <II = 1> <Delay = 2.07> <FuncUnit> <Opcode : 'add' 'sub'> <InPorts = 2> <OutPorts = 1>
ST_2 : Operation 13 [1/1] (0.80ns)   --->   "%select_ln859 = select i1 %p_Repl2_s, i16 %sub_ln859, i16 %add_ln859"   --->   Operation 13 'select' 'select_ln859' <Predicate = true> <Delay = 0.80> <CoreInst = "Sel">   --->   Core 73 'Sel' <Latency = 0> <II = 1> <Delay = 0.80> <FuncUnit> <Opcode : 'select'> <InPorts = 3> <OutPorts = 1>
ST_2 : Operation 14 [1/1] (2.07ns)   --->   "%add_ln859_11 = add i16 %sext_ln1534, i16 %p_read14"   --->   Operation 14 'add' 'add_ln859_11' <Predicate = (p_Repl2_s)> <Delay = 2.07> <CoreInst = "Adder">   --->   Core 1 'Adder' <Latency = 0> <II = 1> <Delay = 2.07> <FuncUnit> <Opcode : 'add' 'sub'> <InPorts = 2> <OutPorts = 1>
ST_2 : Operation 15 [1/1] (2.07ns)   --->   "%sub_ln859_6 = sub i16 %p_read14, i16 %sext_ln1534"   --->   Operation 15 'sub' 'sub_ln859_6' <Predicate = (!p_Repl2_s)> <Delay = 2.07> <CoreInst = "Adder">   --->   Core 1 'Adder' <Latency = 0> <II = 1> <Delay = 2.07> <FuncUnit> <Opcode : 'add' 'sub'> <InPorts = 2> <OutPorts = 1>
ST_2 : Operation 16 [1/1] (0.80ns)   --->   "%select_ln859_11 = select i1 %p_Repl2_s, i16 %add_ln859_11, i16 %sub_ln859_6"   --->   Operation 16 'select' 'select_ln859_11' <Predicate = true> <Delay = 0.80> <CoreInst = "Sel">   --->   Core 73 'Sel' <Latency = 0> <II = 1> <Delay = 0.80> <FuncUnit> <Opcode : 'select'> <InPorts = 3> <OutPorts = 1>
ST_2 : Operation 17 [1/1] (0.00ns) (grouped into LUT with out node add_ln859_12)   --->   "%tmp_21 = bitselect i1 @_ssdm_op_BitSelect.i1.i16.i32, i16 %p_read14, i32 15"   --->   Operation 17 'bitselect' 'tmp_21' <Predicate = true> <Delay = 0.00>
ST_2 : Operation 18 [1/1] (0.00ns) (grouped into LUT with out node add_ln859_12)   --->   "%select_ln859_12 = select i1 %tmp_21, i16 61738, i16 3798"   --->   Operation 18 'select' 'select_ln859_12' <Predicate = true> <Delay = 0.00> <CoreInst = "Sel">   --->   Core 73 'Sel' <Latency = 0> <II = 1> <Delay = 0.69> <FuncUnit> <Opcode : 'select'> <InPorts = 3> <OutPorts = 1>
ST_2 : Operation 19 [1/1] (2.07ns) (out node of the LUT)   --->   "%add_ln859_12 = add i16 %select_ln859_12, i16 %p_read25"   --->   Operation 19 'add' 'add_ln859_12' <Predicate = true> <Delay = 2.07> <CoreInst = "Adder">   --->   Core 1 'Adder' <Latency = 0> <II = 1> <Delay = 2.07> <FuncUnit> <Opcode : 'add' 'sub'> <InPorts = 2> <OutPorts = 1>
ST_2 : Operation 20 [1/1] (0.00ns)   --->   "%mrv = insertvalue i48 <undef>, i16 %select_ln859" [cordiccart2pol.cpp:145]   --->   Operation 20 'insertvalue' 'mrv' <Predicate = true> <Delay = 0.00>
ST_2 : Operation 21 [1/1] (0.00ns)   --->   "%mrv_1 = insertvalue i48 %mrv, i16 %select_ln859_11" [cordiccart2pol.cpp:145]   --->   Operation 21 'insertvalue' 'mrv_1' <Predicate = true> <Delay = 0.00>
ST_2 : Operation 22 [1/1] (0.00ns)   --->   "%mrv_2 = insertvalue i48 %mrv_1, i16 %add_ln859_12" [cordiccart2pol.cpp:145]   --->   Operation 22 'insertvalue' 'mrv_2' <Predicate = true> <Delay = 0.00>
ST_2 : Operation 23 [1/1] (0.00ns)   --->   "%ret_ln145 = ret i48 %mrv_2" [cordiccart2pol.cpp:145]   --->   Operation 23 'ret' 'ret_ln145' <Predicate = true> <Delay = 0.00>


============================================================
+ Verbose Summary: Timing violations
============================================================
Target clock period: 5.35ns, clock uncertainty: 1.44ns.

 <State 1>: 1.95ns
The critical path consists of the following:
	wire read operation ('p_read25') on port 'p_read2' [4]  (1.95 ns)

 <State 2>: 2.88ns
The critical path consists of the following:
	'sub' operation ('sub_ln859') [12]  (2.08 ns)
	'select' operation ('select_ln859') [14]  (0.805 ns)


============================================================
+ Verbose Summary: Binding
============================================================
N/A
* FSMD analyzer results:
  - Output states:
 - Input state : 
  - Chain level:
	State 1
	State 2


============================================================
+ Verbose Summary: Datapath Resource usage 
============================================================
N/A
