INFO: [SIM 2] *************** CSIM start ***************
INFO: [SIM 4] CSIM will launch GCC as the compiler.
   Compiling ../../../../cordiccart2pol.cpp in debug mode
   Generating csim.exe
---Testing results----------------------------------
pre_input (x, y): 0.814700007438660 0.126900002360344
input: 0.814700007438660 0.126900002360344
initialize: 0.814697265625 0.126953125 0
ini: 0.814697265625 0.126953125 0
sign: 0 
ysign_ext y: 0b0.0010000010000 0b0.0010000010000
sign: 1 
ysign_ext y: -0b0.0100011111001 -0b0.0100011111001
sign: 1 
ysign_ext y: -0b0.0000111110011 -0b0.0000111110011
sign: 0 
ysign_ext y: 0b0.0000111011000 0b0.0000111011000
sign: 1 
ysign_ext y: -0b0.0000000010001 -0b0.0000000010001
sign: 0 
ysign_ext y: 0b0.0000011100100 0b0.0000011100100
sign: 0 
ysign_ext y: 0b0.0000001101010 0b0.0000001101010
output: 0.824463 0.154297
1: 0.000061032616941 0.000224298812100
pre_input (x, y): 0.632300019264221 -0.278499990701675
input: 0.632300019264221 -0.278499990701675
initialize: 0.63232421875 -0.2784423828125 0
ini: 0.63232421875 -0.2784423828125 0
sign: 1 
ysign_ext y: -0b0.0100011101001 -0b0.0100011101001
sign: 1 
ysign_ext y: 0b0.0000100110101 0b0.0000100110101
sign: 1 
ysign_ext y: -0b0.0010011110111 -0b0.0010011110111
sign: 0 
ysign_ext y: -0b0.0000111011000 -0b0.0000111011000
sign: 1 
ysign_ext y: -0b0.0000000111111 -0b0.0000000111111
sign: 0 
ysign_ext y: 0b0.0000010001110 0b0.0000010001110
sign: 0 
ysign_ext y: 0b0.0000000101000 0b0.0000000101000
output: 0.690918 -0.414551
2: 0.000043169948185 0.000286622351268
pre_input (x, y): -0.546899974346161 -0.957499980926514
input: -0.546899974346161 -0.957499980926514
initialize: 0.9573974609375 -0.546875 -1.57080078125
ini: 0.9573974609375 -0.546875 -1.57080078125
sign: 0 
ysign_ext y: -0b0.1000110000000 -0b0.1000110000000
sign: 1 
ysign_ext y: -0b0.0001000101111 -0b0.0001000101111
sign: 1 
ysign_ext y: 0b0.0011110101001 0b0.0011110101001
sign: 0 
ysign_ext y: 0b0.0001010101100 0b0.0001010101100
sign: 0 
ysign_ext y: 0b0.0000000011110 0b0.0000000011110
sign: 0 
ysign_ext y: -0b0.0000100101010 -0b0.0000100101010
sign: 0 
ysign_ext y: -0b0.0000010000110 -0b0.0000010000110
output: 1.102539 -2.091187
3: 0.000089320354164 0.000861086358782
pre_input (x, y): -0.485399991273880 0.700299978256226
input: -0.485399991273880 0.700299978256226
initialize: 0.7003173828125 0.4852294921875 1.57080078125
ini: 0.7003173828125 0.4852294921875 1.57080078125
sign: 1 
ysign_ext y: 0b0.0111110000111 0b0.0111110000111
sign: 1 
ysign_ext y: 0b0.0010001010011 0b0.0010001010011
sign: 0 
ysign_ext y: -0b0.0001100111000 -0b0.0001100111000
sign: 0 
ysign_ext y: 0b0.0000010110000 0b0.0000010110000
sign: 0 
ysign_ext y: -0b0.0000101001010 -0b0.0000101001010
sign: 1 
ysign_ext y: -0b0.0000001001101 -0b0.0000001001101
sign: 1 
ysign_ext y: 0b0.0000000110001 0b0.0000000110001
output: 0.851929 2.176636
4: 0.000106751533167 0.000757136149332
---RMS error----------------------------------
----------------------------------------------
   RMSE(R)           RMSE(Theta)
0.000106751533167 0.000757136149332
----------------------------------------------
INFO: [SIM 1] CSim done with 0 errors.
INFO: [SIM 3] *************** CSIM finish ***************
