INFO: [SIM 2] *************** CSIM start ***************
INFO: [SIM 4] CSIM will launch GCC as the compiler.
   Compiling ../../../../cordiccart2pol_test.cpp in debug mode
   Compiling ../../../../cordiccart2pol.cpp in debug mode
   Generating csim.exe
---Testing results----------------------------------
input: 0.000000000000000 0.000000000000000
initialize: 0.000000000000000 0.000000000000000 0.000000000000000
ini: 0.000000000000000 0.000000000000000 0.000000000000000
1: 0.000000000000000 0.000000000000000
1: 0.824523925781250 0.002177423797548
input: 0.000000000000000 0.000000000000000
initialize: 0.000000000000000 0.000000000000000 0.000000000000000
ini: 0.000000000000000 0.000000000000000 0.000000000000000
1: 0.000000000000000 0.000000000000000
2: 0.760659337043762 0.026564108207822
input: 0.000000000000000 0.000000000000000
initialize: 0.000000000000000 0.000000000000000 0.000000000000000
ini: 0.000000000000000 0.000000000000000 0.000000000000000
1: 0.000000000000000 0.000000000000000
3: 0.889402627944946 0.076286710798740
input: 0.000000000000000 0.000000000000000
initialize: 0.000000000000000 0.000000000000000 0.000000000000000
ini: 0.000000000000000 0.000000000000000 0.000000000000000
1: 0.000000000000000 0.000000000000000
4: 0.880219340324402 0.071182154119015
---RMS error----------------------------------
----------------------------------------------
   RMSE(R)           RMSE(Theta)
0.880219340324402 0.071182154119015
----------------------------------------------
ERR: [SIM 100] 'csim_design' failed: nonzero return value.
INFO: [SIM 3] *************** CSIM finish ***************
